:A 2:Seq   0 : 2.731836931747045e+00 FP:745
T19152448:CS_RX M 0:A 1:Seq   0 : 2.732200252607297e+00 FP:749
T19152448:CS_TX M 0:     Seq   0 : 2.725753439190204e+00
T19152448:CS_Kalman : 2   0 +2.725753445668829e+00 +2.731836931747045e+00 +1.500036057692307e-01 +8.558487252230407e-11 +2.731836931701057e+00 +1.000000355439450e+00
T19152448:CS_Kalman : 1   0 +2.725753445513360e+00 +2.732200252607297e+00 +1.500036057692307e-01 +2.177067415232159e-10 +2.732200252490316e+00 +9.999999877578600e-01
T19152448:CS_RX M 0:A 2:Seq   1 : 2.881840566687951e+00 FP:750
T19152448:CS_RX M 0:A 1:Seq   1 : 2.882203832475711e+00 FP:747
T19152448:CS_RX M 0:A 1:Seq   2 : 3.032207436507787e+00 FP:745
T19152448:CS_TX M 0:     Seq   1 : 2.875757020920974e+00
T19152448:CS_Kalman : 2   1 +2.875757027399599e+00 +2.881840566687951e+00 +1.500035817307692e-01 -6.106581906806241e-11 +2.881840566720764e+00 +1.000000355381661e+00
T19152448:CS_Kalman : 1   1 +2.875757027244129e+00 +2.882203832475711e+00 +1.500035817307692e-01 +9.099210274143843e-11 +2.882203832426819e+00 +9.999999878439695e-01
T19152448:CS_TX M 0:     Seq   2 : 3.025760626690205e+00
T19152448:CS_Kalman : 1   2 +3.025760633013360e+00 +3.032207436507787e+00 +1.500036057692311e-01 +1.351860845488773e-10 +3.032207436435147e+00 +9.999999879719015e-01
T19152448:CS_RX M 0:A 2:Seq   2 : 3.031844225823818e+00 FP:747
T19152448:CS_Kalman : 2   2 +3.025760633168830e+00 +3.031844225823818e+00 +1.500036057692311e-01 +2.529354503622017e-11 +3.031844225810228e+00 +1.000000355405597e+00
T19152448:CS_RX M 0:A 2:Seq   3 : 3.181847852830153e+00 FP:744
T19152448:CS_RX M 0:A 1:Seq   3 : 3.182211008253831e+00 FP:751
T19152449:CS_TX M 0:     Seq   3 : 3.175764200408153e+00
T19152449:CS_Kalman : 2   3 +3.175764206886778e+00 +3.181847852830153e+00 +1.500035737179486e-01 -1.013233941193903e-11 +3.181847852835598e+00 +1.000000355396008e+00
T19152449:CS_Kalman : 1   3 +3.175764206731309e+00 +3.182211008253831e+00 +1.500035737179486e-01 -9.500666919848300e-11 +3.182211008304882e+00 +9.999999878819928e-01
T19152449:CS_RX M 0:A 2:Seq   4 : 3.331851511887771e+00 FP:750
T19152449:CS_RX M 0:A 1:Seq   4 : 3.332214612192007e+00 FP:749
T19152449:CS_TX M 0:     Seq   4 : 3.325767806177384e+00
T19152449:CS_Kalman : 2   4 +3.325767812656009e+00 +3.331851511887771e+00 +1.500036057692307e-01 -2.773958840407431e-11 +3.331851511902677e+00 +1.000000355369757e+00
T19152449:CS_Kalman : 1   4 +3.325767812500540e+00 +3.332214612192007e+00 +1.500036057692307e-01 -6.436096100514987e-11 +3.332214612226590e+00 +9.999999878210855e-01
T19152449:CS_RX M 0:A 2:Seq   5 : 3.481855146813026e+00 FP:747
T19152449:CS_RX M 0:A 1:Seq   5 : 3.482218192076072e+00 FP:747
T19152449:CS_RX M 0:A 1:Seq   6 : 3.632221796061198e+00 FP:745
T19152449:CS_TX M 0:     Seq   5 : 3.475771387908153e+00
T19152449:CS_Kalman : 2   5 +3.475771394386778e+00 +3.481855146813026e+00 +1.500035817307692e-01 -1.271569516347881e-10 +3.481855146881351e+00 +1.000000355249423e+00
T19152449:CS_Kalman : 1   5 +3.475771394231309e+00 +3.482218192076072e+00 +1.500035817307692e-01 -5.440625727715087e-11 +3.482218192105307e+00 +9.999999877695986e-01
T19152449:CS_TX M 0:     Seq   6 : 3.625774993677384e+00
T19152449:CS_Kalman : 1   6 +3.625775000000540e+00 +3.632221796061198e+00 +1.500036057692307e-01 +2.126476772446040e-11 +3.632221796049771e+00 +9.999999877897223e-01
T19152449:CS_RX M 0:A 2:Seq   6 : 3.631858805823693e+00 FP:744
T19152449:CS_Kalman : 2   6 +3.625775000156009e+00 +3.631858805823693e+00 +1.500036057692307e-01 -1.155839868260955e-10 +3.631858805885800e+00 +1.000000355140042e+00
T19152449:CS_RX M 0:A 2:Seq   7 : 3.781862440936749e+00 FP:749
T19152449:CS_RX M 0:A 1:Seq   7 : 3.782225375835712e+00 FP:743
T19152449:CS_TX M 0:     Seq   7 : 3.775778575408153e+00
T19152449:CS_Kalman : 2   7 +3.775778581886778e+00 +3.781862440936749e+00 +1.500035817307692e-01 +4.790123853126715e-11 +3.781862440911009e+00 +1.000000355185372e+00
T19152449:CS_Kalman : 1   7 +3.775778581731309e+00 +3.782225375835712e+00 +1.500035817307692e-01 -1.132427485117660e-10 +3.782225375896562e+00 +9.999999876825562e-01
T19152449:CS_RX M 0:A 2:Seq   8 : 3.931866092075446e+00 FP:747
T19152449:CS_RX M 0:A 1:Seq   8 : 3.932228971792368e+00 FP:750
T19152449:CS_TX M 0:     Seq   8 : 3.925782173164563e+00
T19152449:CS_Kalman : 2   8 +3.925782179643189e+00 +3.931866092075446e+00 +1.500035977564105e-01 +1.289421902583854e-10 +3.931866092006160e+00 +1.000000355307396e+00
T19152449:CS_Kalman : 1   8 +3.925782179487719e+00 +3.932228971792368e+00 +1.500035977564105e-01 -1.294431228870963e-11 +3.932228971799323e+00 +9.999999876703064e-01
T19152449:CS_RX M 0:A 2:Seq   9 : 4.081869727110251e+00 FP:744
T19152449:CS_RX M 0:A 1:Seq   9 : 4.082232551582532e+00 FP:748
T19152449:CS_RX M 0:A 1:Seq  10 : 4.232236155677208e+00 FP:746
T19152450:CS_TX M 0:     Seq   9 : 4.075785754895333e+00
T19152450:CS_Kalman : 2   9 +4.075785761373957e+00 +4.081869727110251e+00 +1.500035817307688e-01 +7.593925488436071e-11 +4.081869727069446e+00 +1.000000355379260e+00
T19152450:CS_Kalman : 1   9 +4.075785761218489e+00 +4.082232551582532e+00 +1.500035817307697e-01 -9.806200296225143e-11 +4.082232551635224e+00 +9.999999875775064e-01
T19152450:CS_TX M 0:     Seq  10 : 4.225789360664564e+00
T19152450:CS_Kalman : 1  10 +4.225789366987720e+00 +4.232236155677208e+00 +1.500036057692311e-01 +1.361719625947444e-10 +4.232236155604038e+00 +9.999999877063714e-01
T19152450:CS_RX M 0:A 2:Seq  10 : 4.231873386089618e+00 FP:749
T19152450:CS_Kalman : 2  10 +4.225789367143189e+00 +4.231873386089618e+00 +1.500036057692311e-01 -5.722888829495787e-11 +4.231873386120370e+00 +1.000000355325102e+00
T19152450:CS_RX M 0:A 2:Seq  11 : 4.381877021108775e+00 FP:746
T19152450:CS_RX M 0:A 1:Seq  11 : 4.382239735357823e+00 FP:744
T19152450:CS_TX M 0:     Seq  11 : 4.375792942395333e+00
T19152450:CS_Kalman : 2  11 +4.375792948873958e+00 +4.381877021108775e+00 +1.500035817307692e-01 -4.240163775648398e-11 +4.381877021131559e+00 +1.000000355284975e+00
T19152450:CS_Kalman : 1  11 +4.375792948718489e+00 +4.382239735357823e+00 +1.500035817307692e-01 -1.328963605828903e-10 +4.382239735429232e+00 +9.999999875806063e-01
T19152450:CS_RX M 0:A 2:Seq  12 : 4.531880680244641e+00 FP:743
T19152450:CS_RX M 0:A 1:Seq  12 : 4.532243339217748e+00 FP:750
T19152450:CS_TX M 0:     Seq  12 : 4.525796548164563e+00
T19152450:CS_Kalman : 2  12 +4.525796554643188e+00 +4.531880680244641e+00 +1.500036057692302e-01 +4.982503298833763e-11 +4.531880680217869e+00 +1.000000355332127e+00
T19152450:CS_Kalman : 1  12 +4.525796554487719e+00 +4.532243339217748e+00 +1.500036057692302e-01 -1.177600239543608e-10 +4.532243339281025e+00 +9.999999874691652e-01
T19152450:CS_RX M 0:A 2:Seq  13 : 4.681884315013397e+00 FP:748
T19152450:CS_RX M 0:A 1:Seq  13 : 4.682246919086163e+00 FP:748
T19152450:CS_TX M 0:     Seq  13 : 4.675800129895332e+00
T19152450:CS_Kalman : 2  13 +4.675800136373957e+00 +4.681884315013397e+00 +1.500035817307692e-01 -2.363336193411669e-10 +4.681884315140387e+00 +1.000000355108475e+00
T19152450:CS_Kalman : 1  13 +4.675800136218489e+00 +4.682246919086163e+00 +1.500035817307692e-01 -4.596145686264208e-11 +4.682246919110860e+00 +9.999999874256700e-01
T19152450:CS_TX M 0:     Seq  14 : 4.825803735664564e+00
T19152450:All anc online

T19152450:CS_TX M 0:     Seq  15 : 4.975807317395333e+00
T19152450:CS_RX M 0:A 1:Seq  14 : 4.832250523149540e+00 FP:747
T19152450:CS_Kalman : 1  14 +4.825803741987720e+00 +4.832250523149540e+00 +1.500036057692311e-01 +1.556443862682499e-10 +4.832250523065906e+00 +9.999999875729625e-01
T19152450:CS_RX M 0:A 1:Seq  15 : 4.982254103002304e+00 FP:745
T19152450:CS_Kalman : 1  15 +4.975807323718489e+00 +4.982254103002304e+00 +1.500035817307692e-01 +6.972911137381743e-11 +4.982254102964837e+00 +9.999999876389499e-01
T19152450:CS_RX M 0:A 2:Seq  14 : 4.831887974211864e+00 FP:746
T19152450:CS_Kalman : 2  14 +4.825803742143188e+00 +4.831887974211864e+00 +1.500036057692311e-01 +3.469580178716569e-11 +4.831887974193222e+00 +1.000000355141309e+00
T19152450:CS_RX M 0:A 2:Seq  15 : 4.981891609277969e+00 FP:743
T19152450:CS_Kalman : 2  15 +4.975807323873958e+00 +4.981891609277969e+00 +1.500035817307692e-01 +8.150990993271989e-11 +4.981891609234172e+00 +1.000000355218445e+00
T19152450:CS_RX M 0:A 1:Seq  16 : 5.132257706940480e+00 FP:743
T19152450:CS_TX M 0:     Seq  16 : 5.125810923164564e+00
T19152450:CS_Kalman : 1  16 +5.125810929487720e+00 +5.132257706940480e+00 +1.500036057692311e-01 +6.061284807401535e-11 +5.132257706907909e+00 +9.999999876963103e-01
T19152450:CS_RX M 0:A 2:Seq  16 : 5.131895268241687e+00 FP:748
T19152450:CS_Kalman : 2  16 +5.125810929643189e+00 +5.131895268241687e+00 +1.500036057692311e-01 -4.576250489662925e-11 +5.131895268266278e+00 +1.000000355175138e+00
T19152451:CS_RX M 0:A 1:Seq  17 : 5.282261286714994e+00 FP:749
T19152451:CS_RX M 0:A 2:Seq  17 : 5.281898903276493e+00 FP:745
T19152451:CS_TX M 0:     Seq  17 : 5.275814504895333e+00
T19152451:CS_Kalman : 1  17 +5.275814511218489e+00 +5.282261286714994e+00 +1.500035817307692e-01 -7.808687030319561e-11 +5.282261286756953e+00 +9.999999876224135e-01
T19152451:CS_Kalman : 2  17 +5.275814511373958e+00 +5.281898903276493e+00 +1.500035817307692e-01 +1.902478174997668e-12 +5.281898903275470e+00 +1.000000355176938e+00
T19152451:CS_TX M 0:     Seq  18 : 5.425818110664563e+00
T19152451:CS_TX M 0:     Seq  19 : 5.575821692395333e+00
T19152451:CS_RX M 0:A 2:Seq  18 : 5.431902562553210e+00 FP:751
T19152451:CS_Kalman : 2  18 +5.425818117143188e+00 +5.431902562553210e+00 +1.500036057692302e-01 +2.306883573055529e-10 +5.431902562429253e+00 +1.000000355395248e+00
T19152451:CS_RX M 0:A 2:Seq  19 : 5.581906197415866e+00 FP:748
T19152451:CS_Kalman : 2  19 +5.575821698873957e+00 +5.581906197415866e+00 +1.500035817307692e-01 -5.471711972404592e-11 +5.581906197445267e+00 +1.000000355343467e+00
T19152451:CS_RX M 0:A 1:Seq  18 : 5.432264890621870e+00 FP:747
T19152451:CS_Kalman : 1  18 +5.425818116987720e+00 +5.432264890621870e+00 +1.500036057692302e-01 -4.762945593483892e-11 +5.432264890647463e+00 +9.999999875773399e-01
T19152451:CS_RX M 0:A 1:Seq  19 : 5.582268470286834e+00 FP:745
T19152451:CS_Kalman : 1  19 +5.575821698718489e+00 +5.582268470286834e+00 +1.500035817307692e-01 -2.279545441297159e-10 +5.582268470409322e+00 +9.999999873616173e-01
T19152451:CS_TX M 0:     Seq  20 : 5.725825298164564e+00
T19152451:CS_RX M 0:A 2:Seq  20 : 5.731909856473483e+00 FP:745
T19152451:CS_Kalman : 2  20 +5.725825304643188e+00 +5.731909856473483e+00 +1.500036057692311e-01 -4.381561780064658e-11 +5.731909856497028e+00 +1.000000355302002e+00
T19152451:CS_RX M 0:A 1:Seq  20 : 5.732272074162410e+00 FP:743
T19152451:CS_Kalman : 1  20 +5.725825304487720e+00 +5.732272074162410e+00 +1.500036057692311e-01 -1.203410704420094e-10 +5.732272074227073e+00 +9.999999872477338e-01
T19152451:CS_TX M 0:     Seq  21 : 5.875828879895333e+00
T19152451:CS_RX M 0:A 2:Seq  21 : 5.881913491649139e+00 FP:750
T19152451:CS_Kalman : 2  21 +5.875828886373958e+00 +5.881913491649139e+00 +1.500035817307692e-01 +1.247677516857948e-10 +5.881913491582096e+00 +1.000000355420075e+00
T19152451:CS_RX M 0:A 1:Seq  21 : 5.882275654171675e+00 FP:749
T19152451:CS_Kalman : 1  21 +5.875828886218489e+00 +5.882275654171675e+00 +1.500035817307692e-01 +1.267181914954563e-10 +5.882275654103585e+00 +9.999999873676523e-01
T19152451:CS_TX M 0:     Seq  22 : 6.025832485664563e+00
T19152451:CS_TX M 0:     Seq  23 : 6.175836067395332e+00
T19152451:CS_RX M 0:A 2:Seq  22 : 6.031917150706756e+00 FP:747
T19152451:CS_Kalman : 2  22 +6.025832492143188e+00 +6.031917150706756e+00 +1.500036057692302e-01 +4.113687168683100e-11 +6.031917150684651e+00 +1.000000355459005e+00
T19152451:CS_RX M 0:A 2:Seq  23 : 6.181920785788511e+00 FP:745
T19152451:CS_Kalman : 2  23 +6.175836073873957e+00 +6.181920785788511e+00 +1.500035817307692e-01 +5.296740823723667e-11 +6.181920785760050e+00 +1.000000355509130e+00
T19152451:CS_RX M 0:A 1:Seq  22 : 6.032279258015951e+00 FP:748
T19152451:CS_Kalman : 1  22 +6.025832491987719e+00 +6.032279258015951e+00 +1.500036057692302e-01 +3.803357628839876e-11 +6.032279257995514e+00 +9.999999874036449e-01
T19152451:CS_RX M 0:A 1:Seq  23 : 6.182282838009566e+00 FP:746
T19152451:CS_Kalman : 1  23 +6.175836073718489e+00 +6.182282838009566e+00 +1.500035817307692e-01 +1.727809006979442e-10 +6.182282837916724e+00 +9.999999875671545e-01
T19152452:CS_TX M 0:     Seq  24 : 6.325839673164563e+00
T19152452:BLINK 573230314ef5c301 SN 181 : A 0 : 6.332705376195663e+00 FP: 750
T19152452:RX_BLINK Unknown DATA received: 573230314ef5c301 SN 181
T19152452:CS_RX M 0:A 1:Seq  24 : 6.332286441900791e+00 FP:744
T19152452:CS_Kalman : 1  24 +6.325839679487720e+00 +6.332286441900791e+00 +1.500036057692311e-01 +7.980816008057445e-11 +6.332286441857908e+00 +9.999999876426802e-01
T19152452:BLINK 573230314ef5c301 SN 181 : A 1 : 6.339152140659430e+00 FP: 752
T19152452:CS_RX M 0:A 2:Seq  24 : 6.331924444861779e+00 FP:750
T19152452:CS_Kalman : 2  24 +6.325839679643188e+00 +6.331924444861779e+00 +1.500036057692311e-01 +4.845901457883883e-12 +6.331924444859174e+00 +1.000000355513716e+00
T19152452:BLINK 573230314ef5c301 SN 181 : A 2 : 6.338790145420172e+00 FP: 744
T19152452:CS_TX M 0:     Seq  25 : 6.475843254895333e+00
T19152452:Anc 1 : CS Rx : Missed 2 log packet 1354 1352
T19152452:CS_RX M 0:A 1:Seq  25 : 6.482290021800506e+00 FP:750
T19152452:CS_Kalman : 1  25 +6.475843261218489e+00 +6.482290021800506e+00 +1.500035817307692e-01 +6.547118402977503e-11 +6.482290021765326e+00 +9.999999877046382e-01
T19152452:Anc 2 : CS Rx : Missed 2 log packet 35005 35003
T19152452:CS_RX M 0:A 2:Seq  25 : 6.481928080021785e+00 FP:747
T19152452:CS_Kalman : 2  25 +6.475843261373957e+00 +6.481928080021785e+00 +1.500035817307692e-01 +1.035100893886920e-10 +6.481928079966165e+00 +1.000000355611671e+00
T19152452:RX_BLINK_STAT:0x573230314ef5c301: 181 : Blinks : -nan(ind)% 0/0(  1) | Multilaterations : -nan(ind)%  0/0 | Discarded:   0
T19152452:CS_TX M 0:     Seq  26 : 6.625846860664564e+00
T19152452:CS_TX M 0:     Seq  27 : 6.775850442395333e+00
T19152452:CS_RX M 0:A 1:Seq  26 : 6.632293625519582e+00 FP:748
T19152452:CS_Kalman : 1  26 +6.625846866987720e+00 +6.632293625519582e+00 +1.500036057692311e-01 -1.706261798517517e-10 +6.632293625611266e+00 +9.999999875431678e-01
T19152452:CS_RX M 0:A 2:Seq  26 : 6.631931739032452e+00 FP:744
T19152452:CS_Kalman : 2  26 +6.625846867143188e+00 +6.631931739032452e+00 +1.500036057692311e-01 -4.597744407419668e-11 +6.631931739057157e+00 +1.000000355568161e+00
T19152452:CS_RX M 0:A 1:Seq  27 : 6.782297205356696e+00 FP:746
T19152452:CS_Kalman : 1  27 +6.775850448718489e+00 +6.782297205356696e+00 +1.500035817307692e-01 -1.167705931948149e-10 +6.782297205419440e+00 +9.999999874326631e-01
T19152452:CS_RX M 0:A 2:Seq  27 : 6.781935374161158e+00 FP:750
T19152452:CS_Kalman : 2  27 +6.775850448873958e+00 +6.781935374161158e+00 +1.500035817307692e-01 +3.673328308195778e-11 +6.781935374141420e+00 +1.000000355602923e+00
T19152452:CS_RX M 0:A 2:Seq  28 : 6.931939041356796e+00 FP:747
T19152452:CS_TX M 0:     Seq  28 : 6.925854056177384e+00
T19152452:CS_Kalman : 2  28 +6.925854062656009e+00 +6.931939041356796e+00 +1.500036137820508e-01 +9.160139313735272e-11 +6.931939041307575e+00 +1.000000355689609e+00
T19152452:CS_RX M 0:A 1:Seq  28 : 6.932300817057292e+00 FP:744
T19152452:CS_Kalman : 1  28 +6.925854062500540e+00 +6.932300817057292e+00 +1.500036137820508e-01 -2.590532233170961e-10 +6.932300817196491e+00 +9.999999871875106e-01
T19152452:CS_TX M 0:     Seq  29 : 7.075857637908153e+00
T19152452:CS_RX M 0:A 2:Seq  29 : 7.081942676282051e+00 FP:744
T19152452:CS_Kalman : 2  29 +7.075857644386778e+00 +7.081942676282051e+00 +1.500035817307692e-01 -1.110080916078005e-10 +7.081942676341700e+00 +1.000000355584558e+00
T19152452:CS_RX M 0:A 1:Seq  29 : 7.082304396988307e+00 FP:742
T19152452:CS_Kalman : 1  29 +7.075857644231309e+00 +7.082304396988307e+00 +1.500035817307692e-01 -1.703348573300900e-11 +7.082304396997460e+00 +9.999999871713912e-01
T19152453:CS_TX M 0:     Seq  30 : 7.225861243677384e+00
T19152453:CS_TX M 0:     Seq  31 : 7.375864825408153e+00
T19152453:CS_RX M 0:A 1:Seq  30 : 7.232308000832583e+00 FP:748
T19152453:CS_Kalman : 1  30 +7.225861250000540e+00 +7.232308000832583e+00 +1.500036057692311e-01 -9.769962616701378e-12 +7.232308000837834e+00 +9.999999871621454e-01
T19152453:CS_RX M 0:A 1:Seq  31 : 7.382311580951398e+00 FP:747
T19152453:CS_Kalman : 1  31 +7.375864831731310e+00 +7.382311580951398e+00 +1.500035817307692e-01 +3.085194322238749e-10 +7.382311580785619e+00 +9.999999874541098e-01
T19152453:CS_RX M 0:A 2:Seq  30 : 7.231946335230118e+00 FP:749
T19152453:CS_Kalman : 2  30 +7.225861250156009e+00 +7.231946335230118e+00 +1.500036057692311e-01 -2.197779735979566e-10 +7.231946335348214e+00 +1.000000355376573e+00
T19152453:CS_RX M 0:A 2:Seq  31 : 7.381949970484024e+00 FP:747
T19152453:CS_Kalman : 2  31 +7.375864831886778e+00 +7.381949970484024e+00 +1.500035817307692e-01 +9.728218230975472e-11 +7.381949970431751e+00 +1.000000355468635e+00
T19152453:CS_RX M 0:A 1:Seq  32 : 7.532315184889574e+00 FP:745
T19152453:CS_TX M 0:     Seq  32 : 7.525868431177384e+00
T19152453:CS_RX M 0:A 2:Seq  32 : 7.531953629494692e+00 FP:744
T19152453:CS_Kalman : 1  32 +7.525868437500541e+00 +7.532315184889574e+00 +1.500036057692311e-01 +2.166515855606121e-10 +7.532315184773159e+00 +9.999999876591359e-01
T19152453:CS_Kalman : 2  32 +7.525868437656009e+00 +7.531953629494692e+00 +1.500036057692311e-01 -2.786748609651113e-11 +7.531953629509666e+00 +1.000000355442263e+00
T19152453:CS_RX M 0:A 1:Seq  33 : 7.682318764695387e+00 FP:751
T19152453:CS_RX M 0:A 1:Seq  34 : 7.832322376427284e+00 FP:749
T19152453:CS_RX M 0:A 2:Seq  33 : 7.681957264670348e+00 FP:749
T19152453:CS_RX M 0:A 2:Seq  34 : 7.831960932069436e+00 FP:747
T19152453:CS_TX M 0:     Seq  33 : 7.675872012908154e+00
T19152453:CS_Kalman : 1  33 +7.675872019231310e+00 +7.682318764695387e+00 +1.500035817307692e-01 +4.263256414560601e-11 +7.682318764672480e+00 +9.999999876994808e-01
T19152453:CS_Kalman : 2  33 +7.675872019386778e+00 +7.681957264670348e+00 +1.500035817307692e-01 +1.122995030300444e-10 +7.681957264610005e+00 +1.000000355548537e+00
T19152453:CS_TX M 0:     Seq  34 : 7.825875626690205e+00
T19152453:CS_Kalman : 1  34 +7.825875633013361e+00 +7.832322376427284e+00 +1.500036137820508e-01 -1.821245376731895e-10 +7.832322376525146e+00 +9.999999875271290e-01
T19152453:CS_Kalman : 2  34 +7.825875633168829e+00 +7.831960932069436e+00 +1.500036137820508e-01 +3.438156426227579e-10 +7.831960931884692e+00 +1.000000355873903e+00
T19152453:CS_TX M 0:     Seq  35 : 7.975879208420974e+00
T19152453:CS_RX M 0:A 1:Seq  35 : 7.982325956405249e+00 FP:747
T19152453:CS_Kalman : 1  35 +7.975879214744130e+00 +7.982325956405249e+00 +1.500035817307692e-01 +2.030908774486306e-11 +7.982325956394336e+00 +9.999999875463483e-01
T19152453:CS_RX M 0:A 2:Seq  35 : 7.981964566838191e+00 FP:744
T19152453:CS_Kalman : 2  35 +7.975879214899599e+00 +7.981964566838191e+00 +1.500035817307692e-01 -1.596305310158641e-10 +7.981964566923965e+00 +1.000000355722839e+00
T19152453:CS_RX M 0:A 1:Seq  36 : 8.132329560233874e+00 FP:745
T19152453:CS_TX M 0:     Seq  36 : 8.125882814190204e+00
T19152453:CS_Kalman : 1  36 +8.125882820513359e+00 +8.132329560233874e+00 +1.500036057692293e-01 -6.159872611988249e-11 +8.132329560266973e+00 +9.999999874880550e-01
T19152453:CS_RX M 0:A 2:Seq  36 : 8.131968225989709e+00 FP:749
T19152453:CS_Kalman : 2  36 +8.125882820668830e+00 +8.131968225989709e+00 +1.500036057692311e-01 -6.319567091850331e-11 +8.131968226023666e+00 +1.000000355663034e+00
T19152454:CS_TX M 0:     Seq  37 : 8.275886395920974e+00
T19152454:CS_TX M 0:     Seq  38 : 8.425890001690204e+00
T19152454:CS_RX M 0:A 2:Seq  37 : 8.281971860930614e+00 FP:746
T19152454:CS_Kalman : 2  37 +8.275886402399600e+00 +8.281971860930614e+00 +1.500035817307701e-01 -1.745501521099868e-10 +8.281971861024406e+00 +1.000000355497850e+00
T19152454:CS_RX M 0:A 2:Seq  38 : 8.431975520269932e+00 FP:744
T19152454:CS_Kalman : 2  38 +8.425890008168830e+00 +8.431975520269932e+00 +1.500036057692302e-01 +1.503366320321220e-10 +8.431975520189150e+00 +1.000000355640120e+00
T19152454:CS_RX M 0:A 1:Seq  37 : 8.282333140102288e+00 FP:743
T19152454:CS_Kalman : 1  37 +8.275886402244129e+00 +8.282333140102288e+00 +1.500035817307701e-01 -1.861799603375403e-11 +8.282333140112293e+00 +9.999999874704361e-01
T19152454:CS_RX M 0:A 1:Seq  38 : 8.432336743915265e+00 FP:749
T19152454:CS_Kalman : 1  38 +8.425890008013360e+00 +8.432336743915265e+00 +1.500036057692302e-01 -8.677858431838104e-11 +8.432336743961894e+00 +9.999999873883140e-01
T19152454:CS_TX M 0:     Seq  39 : 8.575893583420974e+00
T19152454:CS_RX M 0:A 1:Seq  39 : 8.582340323908879e+00 FP:748
T19152454:CS_Kalman : 1  39 +8.575893589744130e+00 +8.582340323908879e+00 +1.500035817307701e-01 +1.080131539765716e-10 +8.582340323850840e+00 +9.999999874905312e-01
T19152454:CS_RX M 0:A 2:Seq  39 : 8.581979155476889e+00 FP:749
T19152454:CS_Kalman : 2  39 +8.575893589899600e+00 +8.581979155476889e+00 +1.500035817307701e-01 +2.096776086091268e-10 +8.581979155364222e+00 +1.000000355838546e+00
T19152454:CS_RX M 0:A 1:Seq  40 : 8.732343935812926e+00 FP:746
T19152454:CS_TX M 0:     Seq  40 : 8.725897197203025e+00
T19152454:CS_Kalman : 1  40 +8.725897203526181e+00 +8.732343935812926e+00 +1.500036137820508e-01 +5.650058199080377e-11 +8.732343935782566e+00 +9.999999875440000e-01
T19152454:CS_RX M 0:A 2:Seq  40 : 8.731982822500376e+00 FP:746
T19152454:CS_Kalman : 2  40 +8.725897203681651e+00 +8.731982822500376e+00 +1.500036137820508e-01 -2.296474121976644e-11 +8.731982822512716e+00 +1.000000355816814e+00
T19152454:CS_TX M 0:     Seq  41 : 8.875900778933794e+00
T19152454:CS_TX M 0:     Seq  42 : 9.025904384703026e+00
T19152454:CS_RX M 0:A 2:Seq  41 : 8.881986457691681e+00 FP:744
T19152454:CS_Kalman : 2  41 +8.875900785412419e+00 +8.881986457691681e+00 +1.500035817307683e-01 +7.440092986144009e-11 +8.881986457651703e+00 +1.000000355887222e+00
T19152454:CS_RX M 0:A 2:Seq  42 : 9.031990116749299e+00 FP:749
T19152454:CS_Kalman : 2  42 +9.025904391181651e+00 +9.031990116749299e+00 +1.500036057692320e-01 -5.600320207577170e-11 +9.031990116779392e+00 +1.000000355834224e+00
T19152454:CS_RX M 0:A 1:Seq  41 : 8.882347515571791e+00 FP:744
T19152454:CS_Kalman : 1  41 +8.875900785256949e+00 +8.882347515571791e+00 +1.500035817307683e-01 -7.309886029815971e-11 +8.882347515611070e+00 +9.999999874748237e-01
T19152454:CS_RX M 0:A 1:Seq  42 : 9.032351119463016e+00 FP:750
T19152454:CS_Kalman : 1  42 +9.025904391026181e+00 +9.032351119463016e+00 +1.500036057692320e-01 -3.846345464353362e-11 +9.032351119483684e+00 +9.999999874384241e-01
T19152455:CS_RX M 0:A 1:Seq  43 : 9.182354699253180e+00 FP:748
T19152455:CS_TX M 0:     Seq  43 : 9.175907966433794e+00
T19152455:CS_Kalman : 1  43 +9.175907972756949e+00 +9.182354699253180e+00 +1.500035817307683e-01 -7.699085813328566e-11 +9.182354699294550e+00 +9.999999873655646e-01
T19152455:CS_RX M 0:A 2:Seq  43 : 9.181993751940606e+00 FP:746
T19152455:CS_Kalman : 2  43 +9.175907972912420e+00 +9.181993751940606e+00 +1.500035817307683e-01 +5.403855141139502e-11 +9.181993751911570e+00 +1.000000355885363e+00
T19152455:CS_TX M 0:     Seq  44 : 9.325911580215845e+00
T19152455:CS_RX M 0:A 2:Seq  44 : 9.331997419151893e+00 FP:743
T19152455:CS_Kalman : 2  44 +9.325911586694470e+00 +9.331997419151893e+00 +1.500036137820508e-01 +7.418243797019386e-11 +9.331997419112032e+00 +1.000000355955565e+00
T19152455:CS_RX M 0:A 1:Seq  44 : 9.332358311313728e+00 FP:746
T19152455:CS_Kalman : 1  44 +9.325911586539000e+00 +9.332358311313728e+00 +1.500036137820508e-01 +1.323385845353187e-10 +9.332358311242617e+00 +9.999999874908019e-01
T19152455:CS_TX M 0:     Seq  45 : 9.475915161946615e+00
T19152455:CS_TX M 0:     Seq  46 : 9.625918767715845e+00
T19152455:CS_RX M 0:A 1:Seq  45 : 9.482361891651642e+00 FP:745
T19152455:CS_Kalman : 1  45 +9.475915168269770e+00 +9.482361891651642e+00 +1.500035817307701e-01 +5.546798576006040e-10 +9.482361891353593e+00 +9.999999880157177e-01
T19152455:CS_RX M 0:A 1:Seq  46 : 9.632365495433319e+00 FP:751
T19152455:CS_Kalman : 1  46 +9.625918774039000e+00 +9.632365495433319e+00 +1.500036057692302e-01 +1.081819078763147e-10 +9.632365495375190e+00 +9.999999881180945e-01
T19152455:CS_RX M 0:A 2:Seq  45 : 9.482001054202350e+00 FP:749
T19152455:CS_Kalman : 2  45 +9.475915168425241e+00 +9.482001054202350e+00 +1.500035817307701e-01 -3.506173129608214e-11 +9.482001054221190e+00 +1.000000355922385e+00
T19152455:CS_RX M 0:A 2:Seq  46 : 9.632004713557317e+00 FP:746
T19152455:CS_Kalman : 2  46 +9.625918774194471e+00 +9.632004713557317e+00 +1.500036057692302e-01 +1.772555435763934e-10 +9.632004713462070e+00 +1.000000356090129e+00
T19152455:CS_RX M 0:A 1:Seq  47 : 9.782369075286082e+00 FP:749
T19152455:CS_RX M 0:A 2:Seq  47 : 9.782008348779923e+00 FP:744
T19152455:CS_TX M 0:     Seq  47 : 9.775922349446615e+00
T19152455:CS_Kalman : 1  47 +9.775922355769771e+00 +9.782369075286082e+00 +1.500035817307701e-01 -3.754863087124249e-11 +9.782369075306258e+00 +9.999999880825607e-01
T19152455:CS_Kalman : 2  47 +9.775922355925241e+00 +9.782008348779923e+00 +1.500035817307701e-01 +1.722888498534303e-10 +9.782008348687347e+00 +1.000000356253173e+00
T19152455:CS_RX M 0:A 1:Seq  48 : 9.932372687111879e+00 FP:747
T19152455:CS_TX M 0:     Seq  48 : 9.925925963228666e+00
T19152455:CS_Kalman : 1  48 +9.925925969551821e+00 +9.932372687111879e+00 +1.500036137820508e-01 -1.887698886093858e-10 +9.932372687213313e+00 +9.999999879039202e-01
T19152455:CS_RX M 0:A 2:Seq  48 : 9.932012015756461e+00 FP:749
T19152455:CS_Kalman : 2  48 +9.925925969707292e+00 +9.932012015756461e+00 +1.500036137820508e-01 -1.522000303566529e-10 +9.932012015838243e+00 +1.000000356109140e+00
T19152456:CS_TX M 0:     Seq  49 : 1.007592954495944e+01
T19152456:CS_TX M 0:     Seq  50 : 1.022593315072867e+01
T19152456:CS_RX M 0:A 1:Seq  49 : 1.008237626679249e+01 FP:745
T19152456:CS_Kalman : 1  49 +1.007592955128259e+01 +1.008237626679249e+01 +1.500035817307701e-01 -3.371329881929341e-10 +1.008237626697365e+01 +9.999999875848777e-01
T19152456:CS_RX M 0:A 1:Seq  50 : 1.023237987082457e+01 FP:743
T19152456:CS_Kalman : 1  50 +1.022593315705182e+01 +1.023237987082457e+01 +1.500036057692302e-01 -5.599432029157470e-11 +1.023237987085466e+01 +9.999999875318880e-01
T19152456:CS_RX M 0:A 2:Seq  49 : 1.008201565096342e+01 FP:746
T19152456:CS_Kalman : 2  49 +1.007592955143806e+01 +1.008201565096342e+01 +1.500035817307701e-01 -2.324362924355228e-11 +1.008201565097591e+01 +1.000000356087143e+00
T19152456:CS_RX M 0:A 2:Seq  50 : 1.023201931014624e+01 FP:743
T19152456:CS_Kalman : 2  50 +1.022593315720729e+01 +1.023201931014624e+01 +1.500036057692302e-01 -1.325695109244407e-11 +1.023201931015336e+01 +1.000000356074598e+00
T19152456:CS_RX M 0:A 1:Seq  51 : 1.038238345906576e+01 FP:750
T19152456:CS_TX M 0:     Seq  51 : 1.037593674047226e+01
T19152456:CS_Kalman : 1  51 +1.037593674679541e+01 +1.038238345906576e+01 +1.500035897435890e-01 +3.377707002982788e-10 +1.038238345888426e+01 +9.999999878515340e-01
T19152456:CS_RX M 0:A 2:Seq  51 : 1.038202295345991e+01 FP:749
T19152456:CS_Kalman : 2  51 +1.037593674695088e+01 +1.038202295345991e+01 +1.500035897435890e-01 +1.504965041476680e-10 +1.038202295337904e+01 +1.000000356217019e+00
T19152456:CS_TX M 0:     Seq  52 : 1.052594034624149e+01
T19152456:CS_RX M 0:A 1:Seq  52 : 1.053238706281613e+01 FP:748
T19152456:CS_Kalman : 1  52 +1.052594035256464e+01 +1.053238706281613e+01 +1.500036057692320e-01 -1.504751878655952e-11 +1.053238706282422e+01 +9.999999878372939e-01
T19152456:CS_RX M 0:A 2:Seq  52 : 1.053202661265838e+01 FP:746
T19152456:CS_Kalman : 2  52 +1.052594035272011e+01 +1.053202661265838e+01 +1.500036057692320e-01 +7.626610454281035e-11 +1.053202661261740e+01 +1.000000356289192e+00
T19152456:CS_TX M 0:     Seq  53 : 1.067594392797226e+01
T19152456:CS_TX M 0:     Seq  54 : 1.082594754175431e+01
T19152456:CS_RX M 0:A 1:Seq  53 : 1.068239064268455e+01 FP:746
T19152456:CS_Kalman : 1  53 +1.067594393429541e+01 +1.068239064268455e+01 +1.500035817307683e-01 -4.598987857207248e-11 +1.068239064270926e+01 +9.999999877937719e-01
T19152456:CS_RX M 0:A 1:Seq  54 : 1.083239425441644e+01 FP:744
T19152456:CS_Kalman : 1  54 +1.082594754807746e+01 +1.083239425441644e+01 +1.500036137820508e-01 -2.438884649791362e-10 +1.083239425454749e+01 +9.999999875629704e-01
T19152456:CS_RX M 0:A 2:Seq  53 : 1.068203024763058e+01 FP:743
T19152456:CS_Kalman : 2  53 +1.067594393445088e+01 +1.068203024763058e+01 +1.500035817307683e-01 -1.622382228561037e-10 +1.068203024771776e+01 +1.000000356135660e+00
T19152456:CS_RX M 0:A 2:Seq  54 : 1.083203391473232e+01 FP:749
T19152456:CS_Kalman : 2  54 +1.082594754823293e+01 +1.083203391473232e+01 +1.500036137820508e-01 -1.891233836204265e-10 +1.083203391483395e+01 +1.000000355956685e+00
T19152456:CS_TX M 0:     Seq  55 : 1.097595112348508e+01
T19152456:CS_RX M 0:A 2:Seq  55 : 1.098203755014273e+01 FP:746
T19152456:CS_Kalman : 2  55 +1.097595112996370e+01 +1.098203755014273e+01 +1.500035817307701e-01 +1.832329843409752e-10 +1.098203755004427e+01 +1.000000356130085e+00
T19152456:CS_RX M 0:A 1:Seq  55 : 1.098239783434746e+01 FP:750
T19152456:CS_Kalman : 1  55 +1.097595112980823e+01 +1.098239783434746e+01 +1.500035817307701e-01 -6.520828321754379e-11 +1.098239783438249e+01 +9.999999875012612e-01
T19152457:CS_TX M 0:     Seq  56 : 1.112595473726713e+01
T19152457:CS_RX M 0:A 2:Seq  56 : 1.113204121729142e+01 FP:744
T19152457:CS_Kalman : 2  56 +1.112595474374575e+01 +1.113204121729142e+01 +1.500036137820508e-01 +4.429523414728465e-11 +1.113204121726761e+01 +1.000000356172004e+00
T19152457:CS_RX M 0:A 1:Seq  56 : 1.113240144625150e+01 FP:748
T19152457:CS_Kalman : 1  56 +1.112595474359028e+01 +1.113240144625150e+01 +1.500036137820508e-01 -3.818634297658718e-11 +1.113240144627202e+01 +9.999999874651239e-01
T19152457:CS_TX M 0:     Seq  57 : 1.127595831899790e+01
T19152457:CS_RX M 0:A 2:Seq  57 : 1.128204485251402e+01 FP:749
T19152457:CS_TX M 0:     Seq  58 : 1.142596193277995e+01
T19152457:CS_RX M 0:A 1:Seq  57 : 1.128240502599472e+01 FP:746
T19152457:CS_Kalman : 2  57 +1.127595832547652e+01 +1.128204485251402e+01 +1.500035817307701e-01 +8.856204658513889e-11 +1.128204485246644e+01 +1.000000356255814e+00
T19152457:CS_Kalman : 1  57 +1.127595832532105e+01 +1.128240502599472e+01 +1.500035817307701e-01 -1.277999928106510e-10 +1.128240502606339e+01 +9.999999873441816e-01
T19152457:CS_RX M 0:A 1:Seq  58 : 1.143240863803961e+01 FP:744
T19152457:CS_Kalman : 1  58 +1.142596193910310e+01 +1.143240863803961e+01 +1.500036137820508e-01 +9.259260025373806e-11 +1.143240863798986e+01 +9.999999874318057e-01
T19152457:CS_RX M 0:A 2:Seq  58 : 1.143204851983486e+01 FP:747
T19152457:CS_Kalman : 2  58 +1.142596193925857e+01 +1.143204851983486e+01 +1.500036137820508e-01 +1.467146404365849e-10 +1.143204851975603e+01 +1.000000356394656e+00
T19152457:CS_TX M 0:     Seq  59 : 1.157596551451072e+01
T19152457:CS_RX M 0:A 1:Seq  59 : 1.158241221798628e+01 FP:751
T19152457:CS_Kalman : 1  59 +1.157596552083387e+01 +1.158241221798628e+01 +1.500035817307683e-01 +1.509246061459635e-10 +1.158241221790518e+01 +9.999999875746317e-01
T19152457:CS_RX M 0:A 2:Seq  59 : 1.158205215501052e+01 FP:744
T19152457:CS_Kalman : 2  59 +1.157596552098934e+01 +1.158205215501052e+01 +1.500035817307683e-01 +6.324718526684592e-11 +1.158205215497653e+01 +1.000000356454509e+00
T19152457:BLINK 573230314ef5c301 SN 182 : A 0 : 1.169626973792443e+01 FP: 745
T19152457:BLINK 573230314ef5c301 SN 182 : A 2 : 1.170235641653208e+01 FP: 749
T19152457:Anc 2 : CS Rx : Missed 2 log packet 35041 35039
T19152457:CS_RX M 0:A 2:Seq  60 : 1.173205582209660e+01 FP:749
T19152457:RX_BLINK Unknown DATA received: 573230314ef5c301 SN 182
T19152457:CS_TX M 0:     Seq  60 : 1.172596912829277e+01
T19152457:CS_Kalman : 2  60 +1.172596913477140e+01 +1.173205582209660e+01 +1.500036137820526e-01 -1.314450770451003e-10 +1.173205582216723e+01 +1.000000356330117e+00
T19152457:BLINK 573230314ef5c301 SN 182 : A 1 : 1.170271643490522e+01 FP: 751
T19152457:Anc 1 : CS Rx : Missed 2 log packet 1390 1388
T19152457:CS_RX M 0:A 1:Seq  60 : 1.173241582992162e+01 FP:749
T19152457:CS_Kalman : 1  60 +1.172596913461592e+01 +1.173241582992162e+01 +1.500036137820526e-01 +9.824141500303085e-11 +1.173241582986884e+01 +9.999999876676015e-01
T19152457:CS_TX M 0:     Seq  61 : 1.187597271002354e+01
T19152457:CS_TX M 0:     Seq  62 : 1.202597632380559e+01
T19152457:CS_RX M 0:A 1:Seq  61 : 1.188241940980569e+01 FP:747
T19152457:CS_Kalman : 1  61 +1.187597271634669e+01 +1.188241940980569e+01 +1.500035817307683e-01 +5.598721486421709e-11 +1.188241940977560e+01 +9.999999877205844e-01
T19152457:CS_RX M 0:A 2:Seq  61 : 1.188205945733486e+01 FP:747
T19152457:CS_Kalman : 2  61 +1.187597271650216e+01 +1.188205945733486e+01 +1.500035817307683e-01 -1.393551940509496e-11 +1.188205945734235e+01 +1.000000356316930e+00
T19152457:CS_RX M 0:A 2:Seq  62 : 1.203206312440530e+01 FP:744
T19152457:CS_Kalman : 2  62 +1.202597633028421e+01 +1.203206312440530e+01 +1.500036137820508e-01 -1.679278938127027e-10 +1.203206312449553e+01 +1.000000356158013e+00
T19152457:CS_RX M 0:A 1:Seq  62 : 1.203242302155324e+01 FP:745
T19152457:CS_Kalman : 1  62 +1.202597633012874e+01 +1.203242302155324e+01 +1.500036137820508e-01 -1.624638201747075e-10 +1.203242302164053e+01 +9.999999875668384e-01
T19152457:RX_BLINK_STAT:0x573230314ef5c301: 182 : Blinks : -nan(ind)% 0/0(  1) | Multilaterations : -nan(ind)%  0/0 | Discarded:   0
T19152458:CS_TX M 0:     Seq  63 : 1.217597990553636e+01
T19152458:CS_RX M 0:A 1:Seq  63 : 1.218242660146860e+01 FP:743
T19152458:CS_Kalman : 1  63 +1.217597991185951e+01 +1.218242660146860e+01 +1.500035817307701e-01 -3.768363399103691e-11 +1.218242660148885e+01 +9.999999875311768e-01
T19152458:CS_RX M 0:A 2:Seq  63 : 1.218206675981571e+01 FP:749
T19152458:CS_Kalman : 2  63 +1.217597991201498e+01 +1.218206675981571e+01 +1.500035817307701e-01 +1.644249181254054e-10 +1.218206675972736e+01 +1.000000356313615e+00
T19152458:CS_RX M 0:A 1:Seq  64 : 1.233243020548503e+01 FP:749
T19152458:CS_TX M 0:     Seq  64 : 1.232598351130559e+01
T19152458:CS_Kalman : 1  64 +1.232598351762874e+01 +1.233243020548503e+01 +1.500036057692302e-01 +9.731593308970332e-11 +1.233243020543274e+01 +9.999999876232708e-01
T19152458:CS_RX M 0:A 2:Seq  64 : 1.233207041918632e+01 FP:747
T19152458:CS_Kalman : 2  64 +1.232598351778421e+01 +1.233207041918632e+01 +1.500036057692302e-01 +2.414104471881728e-10 +1.233207041905660e+01 +1.000000356542071e+00
T19152458:CS_TX M 0:     Seq  65 : 1.247598710104918e+01
T19152458:CS_TX M 0:     Seq  66 : 1.262599070681841e+01
T19152458:CS_RX M 0:A 1:Seq  65 : 1.248243379322541e+01 FP:747
T19152458:CS_Kalman : 1  65 +1.247598710737233e+01 +1.248243379322541e+01 +1.500035897435907e-01 -9.436185166578070e-11 +1.248243379327612e+01 +9.999999875339723e-01
T19152458:CS_RX M 0:A 2:Seq  65 : 1.248207406218700e+01 FP:744
T19152458:CS_Kalman : 2  65 +1.247598710752781e+01 +1.248207406218700e+01 +1.500035897435907e-01 -9.578648985097971e-11 +1.248207406223847e+01 +1.000000356451424e+00
T19152458:CS_RX M 0:A 2:Seq  66 : 1.263207772132287e+01 FP:749
T19152458:CS_Kalman : 2  66 +1.262599071329704e+01 +1.263207772132287e+01 +1.500036057692302e-01 -1.538307259352223e-10 +1.263207772140553e+01 +1.000000356305848e+00
T19152458:CS_RX M 0:A 1:Seq  66 : 1.263243739721054e+01 FP:746
T19152458:CS_Kalman : 1  66 +1.262599071314157e+01 +1.263243739721054e+01 +1.500036057692302e-01 +3.514166735385515e-11 +1.263243739719166e+01 +9.999999875672283e-01
T19152458:CS_TX M 0:     Seq  67 : 1.277599429656200e+01
T19152458:CS_RX M 0:A 2:Seq  67 : 1.278208136460524e+01 FP:747
T19152458:CS_Kalman : 2  67 +1.277599430304062e+01 +1.278208136460524e+01 +1.500035897435890e-01 +8.972378395810665e-12 +1.278208136460042e+01 +1.000000356314339e+00
T19152458:CS_RX M 0:A 1:Seq  67 : 1.278244098490397e+01 FP:744
T19152458:CS_Kalman : 1  67 +1.277599430288515e+01 +1.278244098490397e+01 +1.500035897435890e-01 -1.663131854456879e-10 +1.278244098499334e+01 +9.999999874098394e-01
T19152458:All anc online

T19152458:CS_TX M 0:     Seq  68 : 1.292599791034405e+01
T19152458:CS_RX M 0:A 1:Seq  68 : 1.293244459691757e+01 FP:750
T19152458:CS_Kalman : 1  68 +1.292599791666721e+01 +1.293244459691757e+01 +1.500036137820526e-01 +3.074696053317894e-11 +1.293244459690105e+01 +9.999999874389365e-01
T19152458:CS_RX M 0:A 2:Seq  68 : 1.293208503172263e+01 FP:744
T19152458:CS_Kalman : 2  68 +1.292599791682268e+01 +1.293208503172263e+01 +1.500036137820526e-01 -1.082813838593211e-10 +1.293208503178082e+01 +1.000000356211868e+00
T19152458:CS_TX M 0:     Seq  69 : 1.307600149207482e+01
T19152458:CS_RX M 0:A 2:Seq  69 : 1.308208866710174e+01 FP:749
T19152458:CS_Kalman : 2  69 +1.307600149855345e+01 +1.308208866710174e+01 +1.500035817307683e-01 +1.570992225197188e-10 +1.308208866701732e+01 +1.000000356360538e+00
T19152458:CS_RX M 0:A 1:Seq  69 : 1.308244817678598e+01 FP:748
T19152458:CS_Kalman : 1  69 +1.307600149839798e+01 +1.308244817678598e+01 +1.500035817307683e-01 +3.837286044472421e-11 +1.308244817676536e+01 +9.999999874752502e-01
T19152459:CS_TX M 0:     Seq  70 : 1.322600510585687e+01
T19152459:CS_TX M 0:     Seq  71 : 1.337600868758764e+01
T19152459:CS_RX M 0:A 1:Seq  70 : 1.323245178850223e+01 FP:746
T19152459:CS_Kalman : 1  70 +1.322600511218003e+01 +1.323245178850223e+01 +1.500036137820508e-01 -1.664268722834095e-10 +1.323245178859166e+01 +9.999999873177537e-01
T19152459:CS_RX M 0:A 1:Seq  71 : 1.338245536829239e+01 FP:744
T19152459:CS_Kalman : 1  71 +1.337600869391080e+01 +1.338245536829239e+01 +1.500035817307701e-01 -1.276507788361414e-10 +1.338245536836098e+01 +9.999999871969527e-01
T19152459:CS_RX M 0:A 2:Seq  70 : 1.323209233409393e+01 FP:747
T19152459:CS_Kalman : 2  70 +1.322600511233550e+01 +1.323209233409393e+01 +1.500036137820508e-01 -1.608171373845835e-10 +1.323209233418034e+01 +1.000000356208350e+00
T19152459:CS_RX M 0:A 2:Seq  71 : 1.338209596936348e+01 FP:744
T19152459:CS_Kalman : 2  71 +1.337600869406627e+01 +1.338209596936348e+01 +1.500035817307701e-01 +1.984545860977960e-11 +1.338209596935282e+01 +1.000000356227130e+00
T19152459:CS_RX M 0:A 1:Seq  72 : 1.353245898019644e+01 FP:750
T19152459:CS_TX M 0:     Seq  72 : 1.352601230136969e+01
T19152459:CS_Kalman : 1  72 +1.352601230769285e+01 +1.353245898019644e+01 +1.500036137820508e-01 -2.609112925711088e-11 +1.353245898021046e+01 +9.999999871722616e-01
T19152459:CS_RX M 0:A 2:Seq  72 : 1.353209963684082e+01 FP:750
T19152459:CS_Kalman : 2  72 +1.352601230784832e+01 +1.353209963684082e+01 +1.500036137820508e-01 +2.705942137026796e-10 +1.353209963669542e+01 +1.000000356483205e+00
T19152459:CS_RX M 0:A 1:Seq  73 : 1.368246256000225e+01 FP:748
T19152459:CS_TX M 0:     Seq  73 : 1.367601588310046e+01
T19152459:CS_Kalman : 1  73 +1.367601588942362e+01 +1.368246256000225e+01 +1.500035817307701e-01 -1.476863076277368e-11 +1.368246256001019e+01 +9.999999871582854e-01
T19152459:CS_RX M 0:A 2:Seq  73 : 1.368210327225123e+01 FP:747
T19152459:CS_Kalman : 2  73 +1.367601588957909e+01 +1.368210327225123e+01 +1.500035817307701e-01 +3.512798940619177e-10 +1.368210327206247e+01 +1.000000356815635e+00
T19152459:CS_TX M 0:     Seq  74 : 1.382601949688251e+01
T19152459:CS_TX M 0:     Seq  75 : 1.397602308662610e+01
T19152459:CS_RX M 0:A 1:Seq  74 : 1.383246617212540e+01 FP:747
T19152459:CS_Kalman : 1  74 +1.382601950320567e+01 +1.383246617212540e+01 +1.500036137820508e-01 +2.594653381038370e-10 +1.383246617198598e+01 +9.999999874038279e-01
T19152459:CS_RX M 0:A 1:Seq  75 : 1.398246976000664e+01 FP:745
T19152459:CS_Kalman : 1  75 +1.397602309294926e+01 +1.398246976000664e+01 +1.500035897435890e-01 +1.665370064074523e-10 +1.398246975991715e+01 +9.999999875614285e-01
T19152459:CS_RX M 0:A 2:Seq  74 : 1.383210693933732e+01 FP:745
T19152459:CS_Kalman : 2  74 +1.382601950336114e+01 +1.383210693933732e+01 +1.500036137820508e-01 -3.084288380250655e-11 +1.383210693935389e+01 +1.000000356786447e+00
T19152459:CS_RX M 0:A 2:Seq  75 : 1.398211058257274e+01 FP:750
T19152459:CS_Kalman : 2  75 +1.397602309310473e+01 +1.398211058257274e+01 +1.500035897435890e-01 -4.398259534355020e-11 +1.398211058259638e+01 +1.000000356744825e+00
T19152459:CS_RX M 0:A 1:Seq  76 : 1.413247337203588e+01 FP:751
T19152459:CS_TX M 0:     Seq  76 : 1.412602670040815e+01
T19152459:CS_Kalman : 1  76 +1.412602670673131e+01 +1.413247337203588e+01 +1.500036137820526e-01 +2.025100087621468e-10 +1.413247337192707e+01 +9.999999877530719e-01
T19152459:CS_RX M 0:A 2:Seq  76 : 1.413211425001878e+01 FP:747
T19152459:CS_Kalman : 2  76 +1.412602670688678e+01 +1.413211425001878e+01 +1.500036137820526e-01 +1.273399163892464e-10 +1.413211424995036e+01 +1.000000356865332e+00
T19152500:CS_TX M 0:     Seq  77 : 1.427603028213892e+01
T19152500:CS_RX M 0:A 1:Seq  77 : 1.428247695174780e+01 FP:749
T19152500:CS_Kalman : 1  77 +1.427603028846208e+01 +1.428247695174780e+01 +1.500035817307683e-01 -7.295497539416829e-11 +1.428247695178700e+01 +9.999999876840316e-01
T19152500:CS_RX M 0:A 2:Seq  77 : 1.428211788510054e+01 FP:745
T19152500:CS_Kalman : 2  77 +1.427603028861755e+01 +1.428211788510054e+01 +1.500035817307683e-01 -1.116671199952179e-10 +1.428211788516054e+01 +1.000000356759656e+00
T19152500:CS_TX M 0:     Seq  78 : 1.442603389592097e+01
T19152500:CS_TX M 0:     Seq  79 : 1.457603747765174e+01
T19152500:CS_RX M 0:A 1:Seq  78 : 1.443248056369879e+01 FP:747
T19152500:CS_Kalman : 1  78 +1.442603390224413e+01 +1.443248056369879e+01 +1.500036137820508e-01 -2.281375088841742e-11 +1.443248056371105e+01 +9.999999876624420e-01
T19152500:CS_RX M 0:A 1:Seq  79 : 1.458248414361416e+01 FP:745
T19152500:CS_Kalman : 1  79 +1.457603748397490e+01 +1.458248414361416e+01 +1.500035817307701e-01 +2.301270285443024e-11 +1.458248414360179e+01 +9.999999876842198e-01
T19152500:CS_RX M 0:A 2:Seq  78 : 1.443212155251527e+01 FP:750
T19152500:CS_Kalman : 2  78 +1.442603390239960e+01 +1.443212155251527e+01 +1.500036137820508e-01 +5.744560382936470e-11 +1.443212155248441e+01 +1.000000356814020e+00
T19152500:CS_RX M 0:A 2:Seq  79 : 1.458212518767528e+01 FP:748
T19152500:CS_Kalman : 2  79 +1.457603748413037e+01 +1.458212518767528e+01 +1.500035817307701e-01 -6.327738333311572e-11 +1.458212518770928e+01 +1.000000356754138e+00
T19152500:CS_RX M 0:A 1:Seq  80 : 1.473248775554950e+01 FP:743
T19152500:CS_TX M 0:     Seq  80 : 1.472604109143379e+01
T19152500:CS_Kalman : 1  80 +1.472604109775695e+01 +1.473248775554950e+01 +1.500036137820508e-01 +1.307220998114644e-11 +1.473248775554248e+01 +9.999999876965906e-01
T19152500:CS_RX M 0:A 2:Seq  80 : 1.473212885518392e+01 FP:745
T19152500:CS_Kalman : 2  80 +1.472604109791242e+01 +1.473212885518392e+01 +1.500036137820508e-01 +1.781756964192027e-10 +1.473212885508818e+01 +1.000000356922753e+00
T19152500:CS_TX M 0:     Seq  81 : 1.487604468117738e+01
T19152500:CS_RX M 0:A 1:Seq  81 : 1.488249134328989e+01 FP:749
T19152500:CS_Kalman : 1  81 +1.487604468750054e+01 +1.488249134328989e+01 +1.500035897435907e-01 -1.506279545537836e-10 +1.488249134337083e+01 +9.999999875540453e-01
T19152500:CS_RX M 0:A 2:Seq  81 : 1.488213249827850e+01 FP:743
T19152500:CS_Kalman : 2  81 +1.487604468765601e+01 +1.488213249827850e+01 +1.500035897435907e-01 -9.296741154685151e-11 +1.488213249832845e+01 +1.000000356834774e+00
T19152500:CS_TX M 0:     Seq  82 : 1.502604829495944e+01
T19152500:CS_TX M 0:     Seq  83 : 1.517605187669020e+01
T19152500:CS_RX M 0:A 2:Seq  82 : 1.503213616580278e+01 FP:748
T19152500:CS_Kalman : 2  82 +1.502604830143806e+01 +1.503213616580278e+01 +1.500036137820508e-01 +1.657767256801890e-10 +1.503213616571371e+01 +1.000000356991655e+00
T19152500:CS_RX M 0:A 2:Seq  83 : 1.518213980083759e+01 FP:745
T19152500:CS_Kalman : 2  83 +1.517605188316883e+01 +1.518213980083759e+01 +1.500035817307683e-01 -1.569109286947423e-10 +1.518213980092190e+01 +1.000000356843164e+00
T19152500:CS_RX M 0:A 1:Seq  82 : 1.503249495539739e+01 FP:748
T19152500:CS_Kalman : 1  82 +1.502604830128259e+01 +1.503249495539739e+01 +1.500036137820508e-01 +1.114468517471323e-10 +1.503249495533750e+01 +9.999999876595119e-01
T19152500:CS_RX M 0:A 1:Seq  83 : 1.518249853539100e+01 FP:746
T19152500:CS_Kalman : 1  83 +1.517605188301336e+01 +1.518249853539100e+01 +1.500035817307683e-01 +1.738484911584237e-10 +1.518249853529759e+01 +9.999999878240318e-01
T19152501:CS_RX M 0:A 2:Seq  84 : 1.533214346845578e+01 FP:743
T19152501:CS_TX M 0:     Seq  84 : 1.532605549047226e+01
T19152501:CS_Kalman : 2  84 +1.532605549695088e+01 +1.533214346845578e+01 +1.500036137820526e-01 +2.240589935809112e-10 +1.533214346833538e+01 +1.000000357055200e+00
T19152501:CS_RX M 0:A 1:Seq  84 : 1.533250214716985e+01 FP:744
T19152501:CS_Kalman : 1  84 +1.532605549679541e+01 +1.533250214716985e+01 +1.500036137820526e-01 -8.335199197517795e-11 +1.533250214721464e+01 +9.999999877451524e-01
T19152501:CS_TX M 0:     Seq  85 : 1.547605908021585e+01
T19152501:CS_RX M 0:A 2:Seq  85 : 1.548214711150341e+01 FP:748
T19152501:CS_Kalman : 2  85 +1.547605908669447e+01 +1.548214711150341e+01 +1.500035897435890e-01 -1.351310174868559e-10 +1.548214711157602e+01 +1.000000356927320e+00
T19152501:CS_RX M 0:A 1:Seq  85 : 1.548250573498848e+01 FP:750
T19152501:CS_Kalman : 1  85 +1.547605908653900e+01 +1.548250573498848e+01 +1.500035897435890e-01 -1.314699460408519e-10 +1.548250573505913e+01 +9.999999876207372e-01
T19152501:CS_TX M 0:     Seq  86 : 1.562606269399790e+01
T19152501:CS_TX M 0:     Seq  87 : 1.577606627572867e+01
T19152501:CS_RX M 0:A 2:Seq  86 : 1.563215077898074e+01 FP:746
T19152501:CS_Kalman : 2  86 +1.562606270047652e+01 +1.563215077898074e+01 +1.500036137820508e-01 +8.228973058521660e-11 +1.563215077893653e+01 +1.000000357005194e+00
T19152501:CS_RX M 0:A 2:Seq  87 : 1.578215441407815e+01 FP:743
T19152501:CS_Kalman : 2  87 +1.577606628220729e+01 +1.578215441407815e+01 +1.500035817307701e-01 -1.412043815207653e-10 +1.578215441415402e+01 +1.000000356871567e+00
T19152501:CS_RX M 0:A 1:Seq  86 : 1.563250934675168e+01 FP:748
T19152501:CS_Kalman : 1  86 +1.562606270032105e+01 +1.563250934675168e+01 +1.500036137820508e-01 -2.325641901279596e-10 +1.563250934687664e+01 +9.999999874006523e-01
T19152501:CS_RX M 0:A 1:Seq  87 : 1.578251292649489e+01 FP:746
T19152501:CS_Kalman : 1  87 +1.577606628205182e+01 +1.578251292649489e+01 +1.500035817307701e-01 -2.225739592631726e-10 +1.578251292661449e+01 +9.999999871900217e-01
T19152501:CS_TX M 0:     Seq  88 : 1.592606988951072e+01
T19152501:CS_RX M 0:A 1:Seq  88 : 1.593251653857109e+01 FP:744
T19152501:CS_Kalman : 1  88 +1.592606989583387e+01 +1.593251653857109e+01 +1.500036137820508e-01 +9.609379958419595e-11 +1.593251653851945e+01 +9.999999872809591e-01
T19152501:CS_RX M 0:A 2:Seq  88 : 1.593215808132074e+01 FP:749
T19152501:CS_Kalman : 2  88 +1.592606989598934e+01 +1.593215808132074e+01 +1.500036137820508e-01 -1.473612343261266e-10 +1.593215808139992e+01 +1.000000356732113e+00
T19152501:CS_TX M 0:     Seq  89 : 1.607607347925431e+01
T19152501:CS_RX M 0:A 1:Seq  89 : 1.608252012645232e+01 FP:751
T19152501:CS_Kalman : 1  89 +1.607607348557746e+01 +1.608252012645232e+01 +1.500035897435907e-01 +9.718092996990890e-11 +1.608252012640011e+01 +9.999999873729253e-01
T19152501:CS_RX M 0:A 2:Seq  89 : 1.608216172475962e+01 FP:746
T19152501:CS_Kalman : 2  89 +1.607607348573293e+01 +1.608216172475962e+01 +1.500035897435907e-01 +1.050075582043064e-10 +1.608216172470319e+01 +1.000000356831486e+00
T19152502:CS_TX M 0:     Seq  90 : 1.622607709303636e+01
T19152502:CS_TX M 0:     Seq  91 : 1.637608067476713e+01
T19152502:CS_RX M 0:A 1:Seq  90 : 1.623252373846592e+01 FP:749
T19152502:CS_RX M 0:A 2:Seq  90 : 1.623216539201785e+01 FP:743
T19152502:CS_Kalman : 1  90 +1.622607709935951e+01 +1.623252373846592e+01 +1.500036137820508e-01 +1.778737157565047e-10 +1.623252373837034e+01 +9.999999875412543e-01
T19152502:CS_RX M 0:A 1:Seq  91 : 1.638252731822478e+01 FP:747
T19152502:CS_Kalman : 2  90 +1.622607709951498e+01 +1.623216539201785e+01 +1.500036137820508e-01 +6.600942015211331e-12 +1.623216539201431e+01 +1.000000356837733e+00
T19152502:CS_RX M 0:A 2:Seq  91 : 1.638216902730306e+01 FP:749
T19152502:CS_Kalman : 2  91 +1.637608068124575e+01 +1.638216902730306e+01 +1.500035817307683e-01 +3.104361212535878e-11 +1.638216902728638e+01 +1.000000356867111e+00
T19152502:CS_Kalman : 1  91 +1.637608068109028e+01 +1.638252731822478e+01 +1.500035817307683e-01 -7.471356866517453e-12 +1.638252731822880e+01 +9.999999875341838e-01
T19152502:CS_TX M 0:     Seq  92 : 1.652608428854918e+01
T19152502:CS_RX M 0:A 1:Seq  92 : 1.653253093023838e+01 FP:745
T19152502:CS_RX M 0:A 2:Seq  92 : 1.653217269456130e+01 FP:746
T19152502:CS_Kalman : 1  92 +1.652608429487233e+01 +1.653253093023838e+01 +1.500036137820508e-01 +9.745093620949774e-11 +1.653253093018602e+01 +9.999999876264056e-01
T19152502:CS_Kalman : 2  92 +1.652608429502780e+01 +1.653217269456130e+01 +1.500036137820508e-01 -3.848654728244583e-11 +1.653217269458198e+01 +1.000000356830689e+00
T19152502:BLINK 573230314ef5c301 SN 183 : A 0 : 1.667313447656876e+01 FP: 748
T19152502:RX_BLINK Unknown DATA received: 573230314ef5c301 SN 183
T19152502:CS_TX M 0:     Seq  93 : 1.667608787829277e+01
T19152502:CS_TX M 0:     Seq  94 : 1.682609149207482e+01
T19152502:BLINK 573230314ef5c301 SN 183 : A 2 : 1.667922293021960e+01 FP: 748
T19152502:Anc 2 : CS Rx : Missed 2 log packet 35075 35073
T19152502:CS_RX M 0:A 2:Seq  93 : 1.668217633764023e+01 FP:744
T19152502:CS_Kalman : 2  93 +1.667608788477139e+01 +1.668217633764023e+01 +1.500035897435907e-01 -2.112301444867626e-10 +1.668217633775373e+01 +1.000000356630794e+00
T19152502:CS_RX M 0:A 2:Seq  94 : 1.683218000483586e+01 FP:749
T19152502:CS_Kalman : 2  94 +1.682609149855345e+01 +1.683218000483586e+01 +1.500036137820508e-01 -1.958220252618048e-10 +1.683218000494108e+01 +1.000000356445480e+00
T19152502:BLINK 573230314ef5c301 SN 183 : A 1 : 1.667958111096505e+01 FP: 748
T19152502:Anc 1 : CS Rx : Missed 2 log packet 1424 1422
T19152502:CS_RX M 0:A 1:Seq  93 : 1.668253451794747e+01 FP:743
T19152502:CS_Kalman : 1  93 +1.667608788461592e+01 +1.668253451794747e+01 +1.500035897435907e-01 -1.260609394648782e-10 +1.668253451801520e+01 +9.999999875071091e-01
T19152502:CS_RX M 0:A 1:Seq  94 : 1.683253812977326e+01 FP:749
T19152502:CS_Kalman : 1  94 +1.682609149839798e+01 +1.683253812977326e+01 +1.500036137820508e-01 -1.500133350873512e-10 +1.683253812985387e+01 +9.999999873651454e-01
T19152502:CS_TX M 0:     Seq  95 : 1.697609507380559e+01
T19152502:CS_RX M 0:A 2:Seq  95 : 1.698218364029322e+01 FP:747
T19152502:CS_Kalman : 2  95 +1.697609508028421e+01 +1.698218364029322e+01 +1.500035817307683e-01 +1.532676208171324e-10 +1.698218364021086e+01 +1.000000356590523e+00
T19152502:CS_RX M 0:A 1:Seq  95 : 1.698254170957908e+01 FP:747
T19152502:CS_Kalman : 1  95 +1.697609508012874e+01 +1.698254170957908e+01 +1.500035817307683e-01 -1.102868907310040e-10 +1.698254170963834e+01 +9.999999872607764e-01
T19152502:RX_BLINK_STAT:0x573230314ef5c301: 183 : Blinks : -nan(ind)% 0/0(  1) | Multilaterations : -nan(ind)%  0/0 | Discarded:   0
T19152503:CS_TX M 0:     Seq  96 : 1.712609869560046e+01
T19152503:CS_RX M 0:A 2:Seq  96 : 1.713218731531388e+01 FP:744
T19152503:CS_Kalman : 2  96 +1.712609870207909e+01 +1.713218731531388e+01 +1.500036217948733e-01 -1.817284100980032e-10 +1.713218731541153e+01 +1.000000356418546e+00
T19152503:CS_RX M 0:A 1:Seq  96 : 1.713254532946464e+01 FP:745
T19152503:CS_Kalman : 1  96 +1.712609870192362e+01 +1.713254532946464e+01 +1.500036217948733e-01 -5.763922672485933e-11 +1.713254532949562e+01 +9.999999872062301e-01
T19152503:CS_TX M 0:     Seq  97 : 6.870125169020433e-02
T19152503:CS_TX M 0:     Seq  98 : 2.187048654722556e-01
T19152503:CS_RX M 0:A 1:Seq  97 : 7.514788358248198e-02 FP:743
T19152503:CS_Kalman : 1  97 +6.870125801336013e-02 +7.514788358248198e-02 +1.500035817307683e-01 -8.376588311875821e-11 +7.514788362749167e-02 +9.999999871269590e-01
T19152503:CS_RX M 0:A 1:Seq  98 : 2.251514955647786e-01 FP:749
T19152503:CS_RX M 0:A 2:Seq  97 : 7.478992472330730e-02 FP:749
T19152503:CS_Kalman : 1  98 +2.187048717954114e-01 +2.251514955647786e-01 +1.500036137820513e-01 +8.623857183920336e-11 +2.251514955184398e-01 +9.999999872085701e-01
T19152503:CS_Kalman : 2  97 +6.870125816882944e-02 +7.478992472330730e-02 +1.500035817307683e-01 -2.420232902977659e-10 +7.478992485335459e-02 +1.000000356189510e+00
T19152503:CS_RX M 0:A 2:Seq  98 : 2.247935921380459e-01 FP:747
T19152503:CS_Kalman : 2  98 +2.187048719508807e-01 +2.247935921380459e-01 +1.500036137820513e-01 +7.292655368473788e-11 +2.247935920988600e-01 +1.000000356258523e+00
T19152503:CS_TX M 0:     Seq  99 : 3.687084552158454e-01
T19152503:CS_RX M 0:A 2:Seq  99 : 3.747972353108724e-01 FP:744
T19152503:CS_Kalman : 2  99 +3.687084616944705e-01 +3.747972353108724e-01 +1.500035897435898e-01 +2.836486601154320e-11 +3.747972352956306e-01 +1.000000356285366e+00
T19152503:CS_RX M 0:A 1:Seq  99 : 3.751550833834135e-01 FP:747
T19152503:CS_Kalman : 1  99 +3.687084615390012e-01 +3.751550833834135e-01 +1.500035897435898e-01 +4.014388821360626e-11 +3.751550833618423e-01 +9.999999872465598e-01
T19152503:CS_TX M 0:     Seq 100 : 5.187120689978967e-01
T19152503:CS_RX M 0:A 1:Seq 100 : 5.251586950370594e-01 FP:745
T19152503:CS_Kalman : 1 100 +5.187120753210525e-01 +5.251586950370594e-01 +1.500036137820512e-01 -1.937721094691369e-10 +5.251586951411801e-01 +9.999999870631855e-01
T19152503:CS_RX M 0:A 2:Seq 100 : 5.248009026473608e-01 FP:749
T19152503:CS_Kalman : 2 100 +5.187120754765218e-01 +5.248009026473608e-01 +1.500036137820512e-01 +1.255866521887583e-10 +5.248009025798785e-01 +1.000000356404213e+00
T19152503:CS_TX M 0:     Seq 101 : 6.687156587414864e-01
T19152503:CS_TX M 0:     Seq 102 : 8.187192725235377e-01
T19152503:CS_RX M 0:A 1:Seq 101 : 6.751622830904447e-01 FP:744
T19152503:CS_Kalman : 1 101 +6.687156650646422e-01 +6.751622830904447e-01 +1.500035897435897e-01 +1.462439058741438e-10 +6.751622830118631e-01 +9.999999872015820e-01
T19152503:CS_RX M 0:A 1:Seq 102 : 8.251658951196915e-01 FP:750
T19152503:CS_Kalman : 1 102 +8.187192788466935e-01 +8.251658951196915e-01 +1.500036137820513e-01 +2.455866621176028e-10 +8.251658949877296e-01 +9.999999874339905e-01
T19152503:CS_RX M 0:A 2:Seq 101 : 6.748045459297376e-01 FP:747
T19152503:CS_Kalman : 2 101 +6.687156652201115e-01 +6.748045459297376e-01 +1.500035897435897e-01 +1.443574149107008e-10 +6.748045458521688e-01 +1.000000356540824e+00
T19152503:CS_RX M 0:A 2:Seq 102 : 8.248082133444762e-01 FP:744
T19152503:CS_Kalman : 2 102 +8.187192790021628e-01 +8.248082133444762e-01 +1.500036137820513e-01 +2.278444100056731e-10 +8.248082132220476e-01 +1.000000356756443e+00
T19152504:CS_TX M 0:     Seq 103 : 9.687228622671274e-01
T19152504:CS_RX M 0:A 1:Seq 103 : 9.751694829539764e-01 FP:748
T19152504:CS_Kalman : 1 103 +9.687228685902832e-01 +9.751694829539764e-01 +1.500035897435897e-01 +1.076028155466702e-10 +9.751694828961568e-01 +9.999999875358194e-01
T19152504:CS_RX M 0:A 2:Seq 103 : 9.748118565016527e-01 FP:750
T19152504:CS_Kalman : 2 103 +9.687228687457525e-01 +9.748118565016527e-01 +1.500035897435897e-01 +2.126832043813920e-11 +9.748118564902245e-01 +1.000000356776570e+00
T19152504:CS_TX M 0:     Seq 104 : 1.118726476049179e+00
T19152504:CS_RX M 0:A 1:Seq 104 : 1.125173094591972e+00 FP:746
T19152504:CS_Kalman : 1 104 +1.118726482372334e+00 +1.125173094591972e+00 +1.500036137820512e-01 -2.165627677186421e-10 +1.125173094708340e+00 +9.999999873308774e-01
T19152504:CS_RX M 0:A 2:Seq 104 : 1.124815523791191e+00 FP:747
T19152504:CS_Kalman : 2 104 +1.118726482527804e+00 +1.124815523791191e+00 +1.500036137820513e-01 +1.140421090894961e-12 +1.124815523790578e+00 +1.000000356777649e+00
T19152504:CS_TX M 0:     Seq 105 : 1.268730065792768e+00
T19152504:CS_TX M 0:     Seq 106 : 1.418733679574820e+00
T19152504:CS_RX M 0:A 2:Seq 105 : 1.274819167042268e+00 FP:745
T19152504:CS_Kalman : 2 105 +1.268730072271394e+00 +1.274819167042268e+00 +1.500035897435898e-01 -9.828582392401586e-12 +1.274819167047549e+00 +1.000000356768348e+00
T19152504:CS_RX M 0:A 2:Seq 106 : 1.424822834347456e+00 FP:750
T19152504:CS_Kalman : 2 106 +1.418733686053445e+00 +1.424822834347456e+00 +1.500036137820513e-01 +1.314504061156185e-12 +1.424822834346750e+00 +1.000000356769592e+00
T19152504:CS_RX M 0:A 1:Seq 105 : 1.275176682379307e+00 FP:744
T19152504:CS_Kalman : 1 105 +1.268730072115924e+00 +1.275176682379307e+00 +1.500035897435898e-01 -1.722089137956573e-10 +1.275176682471841e+00 +9.999999871679092e-01
T19152504:CS_RX M 0:A 1:Seq 106 : 1.425180294236403e+00 FP:750
T19152504:CS_Kalman : 1 106 +1.418733685897976e+00 +1.425180294236403e+00 +1.500036137820513e-01 -9.262990374736546e-11 +1.425180294286176e+00 +9.999999870802497e-01
T19152504:CS_RX M 0:A 1:Seq 107 : 1.575183882148938e+00 FP:748
T19152504:CS_TX M 0:     Seq 107 : 1.568737269318409e+00
T19152504:CS_Kalman : 1 107 +1.568737275641565e+00 +1.575183882148938e+00 +1.500035897435896e-01 +5.718092666029406e-11 +1.575183882118212e+00 +9.999999871343623e-01
T19152504:CS_RX M 0:A 2:Seq 107 : 1.574826477786333e+00 FP:747
T19152504:CS_Kalman : 2 107 +1.568737275797035e+00 +1.574826477786333e+00 +1.500035897435896e-01 +1.792734849459521e-10 +1.574826477690002e+00 +1.000000356939245e+00
T19152504:CS_TX M 0:     Seq 108 : 1.718740883100461e+00
T19152504:CS_RX M 0:A 1:Seq 108 : 1.725187494272085e+00 FP:746
T19152504:CS_Kalman : 1 108 +1.718740889423616e+00 +1.725187494272085e+00 +1.500036137820513e-01 +3.017142091721325e-10 +1.725187494109964e+00 +9.999999874198866e-01
T19152504:CS_RX M 0:A 2:Seq 108 : 1.724830144747221e+00 FP:745
T19152504:CS_Kalman : 2 108 +1.718740889579086e+00 +1.724830144747221e+00 +1.500036137820513e-01 -2.670095256007698e-10 +1.724830144890694e+00 +1.000000356686563e+00
T19152505:CS_RX M 0:A 1:Seq 109 : 1.875191082215921e+00 FP:745
T19152505:CS_RX M 0:A 1:Seq 110 : 2.025194694104317e+00 FP:751
T19152505:CS_RX M 0:A 2:Seq 109 : 1.874833788233048e+00 FP:750
T19152505:CS_RX M 0:A 2:Seq 110 : 2.024837455350436e+00 FP:748
T19152505:CS_TX M 0:     Seq 109 : 1.868744472844051e+00
T19152505:CS_Kalman : 1 109 +1.868744479167206e+00 +1.875191082215921e+00 +1.500035897435898e-01 +2.494289219612256e-10 +1.875191082081893e+00 +9.999999876559312e-01
T19152505:CS_Kalman : 2 109 +1.868744479322676e+00 +1.874833788233048e+00 +1.500035897435898e-01 +9.449863114241452e-11 +1.874833788182270e+00 +1.000000356775991e+00
T19152505:CS_TX M 0:     Seq 110 : 2.018748086626102e+00
T19152505:CS_Kalman : 1 110 +2.018748092949258e+00 +2.025194694104317e+00 +1.500036137820513e-01 +9.202771877880878e-11 +2.025194694054868e+00 +9.999999877430208e-01
T19152505:CS_Kalman : 2 110 +2.018748093104727e+00 +2.024837455350436e+00 +1.500036137820513e-01 -1.315747510943766e-10 +2.024837455421135e+00 +1.000000356651477e+00
T19152505:CS_TX M 0:     Seq 111 : 2.168751676369692e+00
T19152505:CS_RX M 0:A 1:Seq 111 : 2.175198282016852e+00 FP:749
T19152505:CS_Kalman : 1 111 +2.168751682692847e+00 +2.175198282016852e+00 +1.500035897435898e-01 +5.698552740796003e-11 +2.175198281986232e+00 +9.999999877969484e-01
T19152505:CS_RX M 0:A 2:Seq 111 : 2.174841098632812e+00 FP:745
T19152505:CS_Kalman : 2 111 +2.168751682848317e+00 +2.174841098632812e+00 +1.500035897435898e-01 -3.091393807608256e-11 +2.174841098649424e+00 +1.000000356622222e+00
T19152505:CS_TX M 0:     Seq 112 : 2.318755290151743e+00
T19152505:CS_RX M 0:A 1:Seq 112 : 2.325201893639198e+00 FP:747
T19152505:CS_Kalman : 1 112 +2.318755296474899e+00 +2.325201893639198e+00 +1.500036137820513e-01 -2.985842684211093e-10 +2.325201893799637e+00 +9.999999875143861e-01
T19152505:CS_RX M 0:A 2:Seq 112 : 2.324844765875401e+00 FP:742
T19152505:CS_Kalman : 2 112 +2.318755296630368e+00 +2.324844765875401e+00 +1.500036137820513e-01 -5.069722419648315e-11 +2.324844765902641e+00 +1.000000356574245e+00
T19152505:CS_TX M 0:     Seq 113 : 2.468758879895333e+00
T19152505:CS_TX M 0:     Seq 114 : 2.618762493677384e+00
T19152505:CS_RX M 0:A 1:Seq 113 : 2.475205481504783e+00 FP:745
T19152505:CS_Kalman : 1 113 +2.468758886218489e+00 +2.475205481504783e+00 +1.500035897435898e-01 -1.655564574321033e-10 +2.475205481593743e+00 +9.999999873577134e-01
T19152505:CS_RX M 0:A 2:Seq 113 : 2.474848409032577e+00 FP:748
T19152505:CS_Kalman : 2 113 +2.468758886373958e+00 +2.474848409032577e+00 +1.500035897435898e-01 -1.010711514481955e-10 +2.474848409086885e+00 +1.000000356478597e+00
T19152505:CS_RX M 0:A 1:Seq 114 : 2.625209093299279e+00 FP:743
T19152505:CS_Kalman : 1 114 +2.618762500000539e+00 +2.625209093299279e+00 +1.500036137820508e-01 -1.801261362288642e-10 +2.625209093396067e+00 +9.999999871872528e-01
T19152505:CS_RX M 0:A 2:Seq 114 : 2.624852076462966e+00 FP:745
T19152505:CS_Kalman : 2 114 +2.618762500156009e+00 +2.624852076462966e+00 +1.500036137820508e-01 +1.209521371947631e-10 +2.624852076397974e+00 +1.000000356593059e+00
T19152505:CS_TX M 0:     Seq 115 : 2.768766083420974e+00
T19152505:CS_RX M 0:A 1:Seq 115 : 2.775212681086614e+00 FP:749
T19152505:CS_Kalman : 1 115 +2.768766089744129e+00 +2.775212681086614e+00 +1.500035897435898e-01 -1.310844766067021e-10 +2.775212681157051e+00 +9.999999870632023e-01
T19152505:CS_RX M 0:A 2:Seq 115 : 2.774855719792293e+00 FP:751
T19152505:CS_Kalman : 2 115 +2.768766089899599e+00 +2.774855719792293e+00 +1.500035897435898e-01 +1.604902877261338e-10 +2.774855719706056e+00 +1.000000356744937e+00
T19152506:CS_TX M 0:     Seq 116 : 2.918769697203025e+00
T19152506:CS_RX M 0:A 1:Seq 116 : 2.925216293131510e+00 FP:747
T19152506:CS_Kalman : 1 116 +2.918769703526181e+00 +2.925216293131510e+00 +1.500036137820513e-01 +1.329745202838239e-10 +2.925216293060058e+00 +9.999999871890414e-01
T19152506:CS_RX M 0:A 2:Seq 116 : 2.924859387003581e+00 FP:748
T19152506:CS_Kalman : 2 116 +2.918769703681650e+00 +2.924859387003581e+00 +1.500036137820513e-01 +2.444267011014745e-12 +2.924859387002269e+00 +1.000000356747250e+00
T19152506:CS_TX M 0:     Seq 117 : 3.068773286946615e+00
T19152506:CS_TX M 0:     Seq 118 : 3.218776908741487e+00
T19152506:CS_RX M 0:A 1:Seq 117 : 3.075219881059696e+00 FP:746
T19152506:CS_Kalman : 1 117 +3.068773293269770e+00 +3.075219881059696e+00 +1.500035897435898e-01 +1.777369362798709e-10 +3.075219880964191e+00 +9.999999873572409e-01
T19152506:CS_RX M 0:A 1:Seq 118 : 3.225223501195663e+00 FP:744
T19152506:CS_Kalman : 1 118 +3.218776915064642e+00 +3.225223501195663e+00 +1.500036217948719e-01 +3.330598019601894e-10 +3.225223501016698e+00 +9.999999876724288e-01
T19152506:CS_RX M 0:A 2:Seq 117 : 3.074863030207708e+00 FP:746
T19152506:CS_Kalman : 2 117 +3.068773293425240e+00 +3.074863030207708e+00 +1.500035897435898e-01 -5.151967741312546e-11 +3.074863030235390e+00 +1.000000356698495e+00
T19152506:CS_RX M 0:A 2:Seq 118 : 3.224866705541366e+00 FP:743
T19152506:CS_Kalman : 2 118 +3.218776915220112e+00 +3.224866705541366e+00 +1.500036217948719e-01 +5.037747996539110e-12 +3.224866705538659e+00 +1.000000356703263e+00
T19152506:CS_TX M 0:     Seq 119 : 3.368780490472256e+00
T19152506:CS_RX M 0:A 1:Seq 119 : 3.375227080876277e+00 FP:750
T19152506:CS_Kalman : 1 119 +3.368780496795412e+00 +3.375227080876277e+00 +1.500035817307692e-01 -2.200906124016910e-11 +3.375227080888104e+00 +9.999999876516008e-01
T19152506:CS_RX M 0:A 2:Seq 119 : 3.374870340717022e+00 FP:748
T19152506:CS_Kalman : 2 119 +3.368780496950881e+00 +3.374870340717022e+00 +1.500035817307692e-01 -5.917399903410114e-11 +3.374870340748818e+00 +1.000000356647264e+00
T19152506:CS_TX M 0:     Seq 120 : 3.518784112267127e+00
T19152506:CS_RX M 0:A 1:Seq 120 : 3.525230700730544e+00 FP:748
T19152506:CS_Kalman : 1 120 +3.518784118590283e+00 +3.525230700730544e+00 +1.500036217948715e-01 -1.001261296096345e-10 +3.525230700784346e+00 +9.999999875568474e-01
T19152506:CS_RX M 0:A 2:Seq 120 : 3.524874016035031e+00 FP:746
T19152506:CS_Kalman : 2 120 +3.518784118745752e+00 +3.524874016035031e+00 +1.500036217948715e-01 -7.039702154543193e-12 +3.524874016038813e+00 +1.000000356640602e+00
T19152506:All anc online

T19152506:CS_TX M 0:     Seq 121 : 3.668787702010717e+00
T19152506:CS_RX M 0:A 1:Seq 121 : 3.675234288596129e+00 FP:746
T19152506:CS_RX M 0:A 2:Seq 121 : 3.674877659395658e+00 FP:743
T19152506:CS_Kalman : 1 121 +3.668787708333873e+00 +3.675234288596129e+00 +1.500035897435898e-01 -6.528999563215621e-11 +3.675234288631211e+00 +9.999999874950608e-01
T19152506:CS_Kalman : 2 121 +3.668787708489342e+00 +3.674877659395658e+00 +1.500035897435898e-01 +1.158841911319541e-10 +3.674877659333389e+00 +1.000000356750268e+00
T19152506:CS_RX M 0:A 1:Seq 122 : 3.825237900406275e+00 FP:744
T19152506:CS_RX M 0:A 2:Seq 122 : 3.824881326826047e+00 FP:749
T19152506:CS_RX M 0:A 1:Seq 123 : 3.975241488193610e+00 FP:750
T19152506:CS_RX M 0:A 2:Seq 123 : 3.974884970030173e+00 FP:746
T19152506:CS_TX M 0:     Seq 122 : 3.818791315792768e+00
T19152506:CS_Kalman : 1 122 +3.818791322115924e+00 +3.825237900406275e+00 +1.500036137820513e-01 -1.312017161581025e-10 +3.825237900476774e+00 +9.999999873708993e-01
T19152506:CS_Kalman : 2 122 +3.818791322271394e+00 +3.824881326826047e+00 +1.500036137820513e-01 +1.967777052414021e-10 +3.824881326720312e+00 +1.000000356936486e+00
T19152506:CS_TX M 0:     Seq 123 : 3.968794905536358e+00
T19152506:CS_Kalman : 1 123 +3.968794911859514e+00 +3.975241488193610e+00 +1.500035897435898e-01 -1.323421372489975e-10 +3.975241488264723e+00 +9.999999872456586e-01
T19152506:CS_Kalman : 2 123 +3.968794912014983e+00 +3.974884970030173e+00 +1.500035897435898e-01 +2.451727709740226e-11 +3.974884970016999e+00 +1.000000356959688e+00
T19152507:CS_RX M 0:A 1:Seq 124 : 4.125245099847255e+00 FP:748
T19152507:CS_TX M 0:     Seq 124 : 4.118798519318410e+00
T19152507:CS_Kalman : 1 124 +4.118798525641566e+00 +4.125245099847255e+00 +1.500036137820517e-01 -2.863220771587294e-10 +4.125245100001107e+00 +9.999999869747006e-01
T19152507:CS_RX M 0:A 2:Seq 124 : 4.124888637288412e+00 FP:744
T19152507:CS_Kalman : 2 124 +4.118798525797034e+00 +4.124888637288412e+00 +1.500036137820508e-01 -5.588063345385308e-11 +4.124888637318439e+00 +1.000000356906806e+00
T19152507:CS_TX M 0:     Seq 125 : 4.268802109061999e+00
T19152507:CS_RX M 0:A 1:Seq 125 : 4.275248687775441e+00 FP:746
T19152507:CS_Kalman : 1 125 +4.268802115385156e+00 +4.275248687775441e+00 +1.500035897435898e-01 -1.541522465231537e-11 +4.275248687783723e+00 +9.999999869601126e-01
T19152507:CS_RX M 0:A 2:Seq 125 : 4.274892280461238e+00 FP:749
T19152507:CS_Kalman : 2 125 +4.268802115540624e+00 +4.274892280461238e+00 +1.500035897435898e-01 -1.380939806949755e-10 +4.274892280535440e+00 +1.000000356776122e+00
T19152507:CS_TX M 0:     Seq 126 : 4.418805730856871e+00
T19152507:CS_TX M 0:     Seq 127 : 4.568809320600461e+00
T19152507:CS_RX M 0:A 1:Seq 126 : 4.425252307645358e+00 FP:744
T19152507:CS_Kalman : 1 126 +4.418805737180027e+00 +4.425252307645358e+00 +1.500036217948715e-01 +2.279421096318401e-11 +4.425252307633111e+00 +9.999999869816837e-01
T19152507:CS_RX M 0:A 2:Seq 126 : 4.424895955763597e+00 FP:747
T19152507:CS_Kalman : 2 126 +4.418805737335496e+00 +4.424895955763597e+00 +1.500036217948715e-01 -8.442491150617570e-11 +4.424895955808961e+00 +1.000000356696227e+00
T19152507:CS_RX M 0:A 2:Seq 127 : 4.574899599108574e+00 FP:744
T19152507:CS_RX M 0:A 1:Seq 127 : 4.575255895448342e+00 FP:750
T19152507:CS_Kalman : 2 127 +4.568809327079085e+00 +4.574899599108574e+00 +1.500035897435898e-01 +5.030820204865449e-11 +4.574899599081541e+00 +1.000000356743836e+00
T19152507:CS_Kalman : 1 127 +4.568809326923617e+00 +4.575255895448342e+00 +1.500035897435898e-01 +2.443556468278985e-11 +4.575255895435212e+00 +9.999999870048081e-01
T19152507:CS_TX M 0:     Seq 128 : 4.718812934382512e+00
T19152507:CS_RX M 0:A 2:Seq 128 : 4.724903266429412e+00 FP:750
T19152507:CS_Kalman : 2 128 +4.718812940861137e+00 +4.724903266429412e+00 +1.500036137820517e-01 +5.295497373936087e-11 +4.724903266400958e+00 +1.000000356793949e+00
T19152507:CS_RX M 0:A 1:Seq 128 : 4.725259507446289e+00 FP:749
T19152507:CS_Kalman : 1 128 +4.718812940705669e+00 +4.725259507446289e+00 +1.500036137820517e-01 +1.783515557463033e-10 +4.725259507350454e+00 +9.999999871735893e-01
T19152507:CS_TX M 0:     Seq 129 : 4.868816524126102e+00
T19152507:BLINK 573230314ef5c301 SN 184 : A 0 : 4.958133311282427e+00 FP: 745
T19152507:CS_RX M 0:A 2:Seq 129 : 4.874906909743089e+00 FP:747
T19152507:CS_Kalman : 2 129 +4.868816530604727e+00 +4.874906909743089e+00 +1.500035897435898e-01 +7.816858271780802e-11 +4.874906909701086e+00 +1.000000356867923e+00
T19152507:BLINK 573230314ef5c301 SN 184 : A 2 : 4.964223724052234e+00 FP: 749
T19152507:CS_RX M 0:A 1:Seq 129 : 4.875263095437075e+00 FP:747
T19152507:CS_Kalman : 1 129 +4.868816530449259e+00 +4.875263095437075e+00 +1.500035897435898e-01 +2.670379473102003e-10 +4.875263095293586e+00 +9.999999874262980e-01
T19152507:BLINK 573230314ef5c301 SN 184 : A 1 : 4.964579875910832e+00 FP: 747
T19152508:CS_TX M 0:     Seq 130 : 5.018820137908153e+00
T19152508:CS_TX M 0:     Seq 131 : 5.168823735664564e+00
T19152508:Anc 1 : CS Rx : Missed 2 log packet 1462 1460
T19152508:CS_RX M 0:A 1:Seq 130 : 5.025266707090720e+00 FP:745
T19152508:CS_Kalman : 1 130 +5.018820144231309e+00 +5.025266707090720e+00 +1.500036137820508e-01 -9.881517826215713e-11 +5.025266707143818e+00 +9.999999873327853e-01
T19152508:Anc 2 : CS Rx : Missed 2 log packet 35113 35111
T19152508:CS_RX M 0:A 2:Seq 130 : 5.024910577079577e+00 FP:744
T19152508:CS_Kalman : 2 130 +5.018820144386778e+00 +5.024910577079577e+00 +1.500036137820508e-01 +6.496136961686716e-11 +5.024910577044670e+00 +1.000000356929399e+00
T19152508:CS_RX M 0:A 2:Seq 131 : 5.174914228327824e+00 FP:750
T19152508:CS_Kalman : 2 131 +5.168823742143188e+00 +5.174914228327824e+00 +1.500035977564105e-01 -1.394973025981017e-11 +5.174914228335320e+00 +1.000000356916198e+00
T19152508:CS_RX M 0:A 1:Seq 131 : 5.175270303063026e+00 FP:751
T19152508:CS_Kalman : 1 131 +5.168823741987720e+00 +5.175270303063026e+00 +1.500035977564105e-01 +6.292566467891447e-11 +5.175270303029214e+00 +9.999999873923343e-01
T19152508:RX_BLINK_STAT:0x573230314ef5c301: 184 : Blinks : -nan(ind)% 0/0(  1) | Multilaterations : -nan(ind)%  0/0 | Discarded:   0
T19152508:CS_TX M 0:     Seq 132 : 5.318827349446615e+00
T19152508:CS_RX M 0:A 2:Seq 132 : 5.324917895570413e+00 FP:747
T19152508:CS_Kalman : 2 132 +5.318827355925239e+00 +5.324917895570413e+00 +1.500036137820508e-01 -8.567724307795288e-11 +5.324917895616450e+00 +1.000000356835118e+00
T19152508:CS_RX M 0:A 1:Seq 132 : 5.325273914935773e+00 FP:749
T19152508:CS_Kalman : 1 132 +5.318827355769771e+00 +5.325273914935773e+00 +1.500036137820508e-01 +1.570299446029821e-11 +5.325273914927334e+00 +9.999999874071946e-01
T19152508:CS_RX M 0:A 1:Seq 133 : 5.475277502644857e+00 FP:747
T19152508:CS_TX M 0:     Seq 133 : 5.468830939190204e+00
T19152508:CS_Kalman : 1 133 +5.468830945513361e+00 +5.475277502644857e+00 +1.500035897435898e-01 -1.371009972217507e-10 +5.475277502718526e+00 +9.999999872774504e-01
T19152508:CS_RX M 0:A 2:Seq 133 : 5.474921538977989e+00 FP:745
T19152508:CS_Kalman : 2 133 +5.468830945668829e+00 +5.474921538977989e+00 +1.500035897435898e-01 +9.140066481450049e-11 +5.474921538928877e+00 +1.000000356921614e+00
T19152508:CS_TX M 0:     Seq 134 : 5.618834552972256e+00
T19152508:CS_TX M 0:     Seq 135 : 5.768838150728666e+00
T19152508:CS_RX M 0:A 2:Seq 134 : 5.624925206314479e+00 FP:750
T19152508:CS_Kalman : 2 134 +5.618834559450881e+00 +5.624925206314479e+00 +1.500036137820517e-01 +6.401812413514563e-11 +5.624925206280079e+00 +1.000000356982197e+00
T19152508:CS_RX M 0:A 2:Seq 135 : 5.774928857734876e+00 FP:748
T19152508:CS_Kalman : 2 135 +5.768838157207290e+00 +5.774928857734876e+00 +1.500035977564096e-01 +1.497735269140321e-10 +5.774928857654397e+00 +1.000000357123934e+00
T19152508:CS_RX M 0:A 1:Seq 134 : 5.625281114439353e+00 FP:745
T19152508:CS_Kalman : 1 134 +5.618834559295412e+00 +5.625281114439353e+00 +1.500036137820517e-01 -1.527951098978519e-10 +5.625281114521457e+00 +9.999999871328543e-01
T19152508:CS_RX M 0:A 1:Seq 135 : 5.775284710349059e+00 FP:743
T19152508:CS_Kalman : 1 135 +5.768838157051822e+00 +5.775284710349059e+00 +1.500035977564096e-01 +1.310951347477385e-12 +5.775284710348354e+00 +9.999999871340949e-01
T19152508:CS_TX M 0:     Seq 136 : 5.918841772523538e+00
T19152508:CS_RX M 0:A 2:Seq 136 : 5.924932533115485e+00 FP:745
T19152508:CS_Kalman : 2 136 +5.918841779002163e+00 +5.924932533115485e+00 +1.500036217948724e-01 +9.633183140067558e-11 +5.924932533063723e+00 +1.000000357215096e+00
T19152508:CS_RX M 0:A 1:Seq 136 : 5.925288330187676e+00 FP:749
T19152508:CS_Kalman : 1 136 +5.918841778846694e+00 +5.925288330187676e+00 +1.500036217948724e-01 -2.561861833783041e-11 +5.925288330201441e+00 +9.999999871098509e-01
T19152509:CS_TX M 0:     Seq 137 : 6.068845362267128e+00
T19152509:CS_RX M 0:A 2:Seq 137 : 6.074936176366561e+00 FP:743
T19152509:CS_Kalman : 2 137 +6.068845368745753e+00 +6.074936176366561e+00 +1.500035897435898e-01 -2.429700884931663e-11 +6.074936176379618e+00 +1.000000357192103e+00
T19152509:CS_RX M 0:A 1:Seq 137 : 6.075291918162811e+00 FP:747
T19152509:CS_Kalman : 1 137 +6.068845368590284e+00 +6.075291918162811e+00 +1.500035897435898e-01 +1.513491554305801e-10 +6.075291918081486e+00 +9.999999872530787e-01
T19152509:CS_TX M 0:     Seq 138 : 6.218848976049179e+00
T19152509:CS_TX M 0:     Seq 139 : 6.368852565792769e+00
T19152509:CS_RX M 0:A 2:Seq 138 : 6.224939843593500e+00 FP:748
T19152509:CS_Kalman : 2 138 +6.218848982527803e+00 +6.224939843593500e+00 +1.500036137820508e-01 -1.482760580984177e-10 +6.224939843673173e+00 +1.000000357051783e+00
T19152509:CS_RX M 0:A 2:Seq 139 : 6.374943486985427e+00 FP:746
T19152509:CS_Kalman : 2 139 +6.368852572271393e+00 +6.374943486985427e+00 +1.500035897435898e-01 +9.613643214834156e-12 +6.374943486980261e+00 +1.000000357060881e+00
T19152509:CS_RX M 0:A 1:Seq 138 : 6.225295530035557e+00 FP:746
T19152509:CS_Kalman : 1 138 +6.218848982372335e+00 +6.225295530035557e+00 +1.500036137820508e-01 +8.410339091824426e-11 +6.225295529990365e+00 +9.999999873326691e-01
T19152509:CS_RX M 0:A 1:Seq 139 : 6.375299117854192e+00 FP:744
T19152509:CS_Kalman : 1 139 +6.368852572115925e+00 +6.375299117854192e+00 +1.500035897435898e-01 +2.038191837527847e-11 +6.375299117843239e+00 +9.999999873519574e-01
T19152509:CS_TX M 0:     Seq 140 : 6.518856187587640e+00
T19152509:CS_RX M 0:A 2:Seq 140 : 6.524947162366036e+00 FP:751
T19152509:CS_Kalman : 2 140 +6.518856194066265e+00 +6.524947162366036e+00 +1.500036217948715e-01 +3.047873065042950e-11 +6.524947162349659e+00 +1.000000357089724e+00
T19152509:CS_RX M 0:A 1:Seq 140 : 6.525302737818009e+00 FP:750
T19152509:CS_Kalman : 1 140 +6.518856193910796e+00 +6.525302737818009e+00 +1.500036217948715e-01 +7.715073024883168e-11 +6.525302737776554e+00 +9.999999874249682e-01
T19152509:CS_TX M 0:     Seq 141 : 6.668859777331230e+00
T19152509:CS_RX M 0:A 1:Seq 141 : 6.675306325667944e+00 FP:748
T19152509:CS_Kalman : 1 141 +6.668859783654386e+00 +6.675306325667944e+00 +1.500035897435898e-01 +3.410072224596661e-11 +6.675306325649621e+00 +9.999999874572391e-01
T19152509:CS_RX M 0:A 2:Seq 141 : 6.674950805789263e+00 FP:749
T19152509:CS_Kalman : 2 141 +6.668859783809855e+00 +6.674950805789263e+00 +1.500035897435898e-01 +1.312727704316785e-10 +6.674950805718725e+00 +1.000000357213953e+00
T19152509:CS_TX M 0:     Seq 142 : 6.818863391113282e+00
T19152509:CS_TX M 0:     Seq 143 : 6.968866988869692e+00
T19152509:CS_RX M 0:A 1:Seq 142 : 6.825309937509390e+00 FP:746
T19152509:CS_Kalman : 1 142 +6.818863397436438e+00 +6.825309937509390e+00 +1.500036137820517e-01 -4.082423288309656e-11 +6.825309937531325e+00 +9.999999874186054e-01
T19152509:CS_RX M 0:A 1:Seq 143 : 6.975313533387796e+00 FP:744
T19152509:CS_Kalman : 1 143 +6.968866995192848e+00 +6.975313533387796e+00 +1.500035977564105e-01 -1.268496419015719e-11 +6.975313533394612e+00 +9.999999874066011e-01
T19152509:CS_RX M 0:A 2:Seq 142 : 6.824954472969251e+00 FP:746
T19152509:CS_Kalman : 2 142 +6.818863397591906e+00 +6.824954472969251e+00 +1.500036137820517e-01 -1.149089712271234e-10 +6.824954473030996e+00 +1.000000357105210e+00
T19152509:CS_RX M 0:A 2:Seq 143 : 6.974958124233148e+00 FP:744
T19152509:CS_Kalman : 2 143 +6.968866995348317e+00 +6.974958124233148e+00 +1.500035977564105e-01 -1.213251721310371e-10 +6.974958124298340e+00 +1.000000356990395e+00
T19152510:CS_TX M 0:     Seq 144 : 7.118870602651743e+00
T19152510:CS_RX M 0:A 1:Seq 144 : 7.125317145072741e+00 FP:750
T19152510:CS_Kalman : 1 144 +7.118870608974899e+00 +7.125317145072741e+00 +1.500036137820508e-01 -2.148663469370149e-10 +7.125317145188196e+00 +9.999999872032644e-01
T19152510:CS_RX M 0:A 2:Seq 144 : 7.124961791632237e+00 FP:749
T19152510:CS_Kalman : 2 144 +7.118870609130368e+00 +7.124961791632237e+00 +1.500036137820508e-01 +1.996625087485882e-12 +7.124961791631163e+00 +1.000000356992285e+00
T19152510:CS_TX M 0:     Seq 145 : 7.268874200408153e+00
T19152510:CS_TX M 0:     Seq 146 : 7.418877814190204e+00
T19152510:CS_RX M 0:A 1:Seq 145 : 7.275320740841597e+00 FP:748
T19152510:CS_Kalman : 1 145 +7.268874206731310e+00 +7.275320740841597e+00 +1.500035977564105e-01 -1.834550289459003e-10 +7.275320740940173e+00 +9.999999870296535e-01
T19152510:CS_RX M 0:A 1:Seq 146 : 7.425324352651743e+00 FP:746
T19152510:CS_Kalman : 1 146 +7.418877820513361e+00 +7.425324352651743e+00 +1.500036137820508e-01 -1.248814385235164e-10 +7.425324352718847e+00 +9.999999869114732e-01
T19152510:CS_RX M 0:A 2:Seq 145 : 7.274965442880484e+00 FP:746
T19152510:CS_Kalman : 2 145 +7.268874206886778e+00 +7.274965442880484e+00 +1.500035977564105e-01 -5.721645379708207e-11 +7.274965442911228e+00 +1.000000356938138e+00
T19152510:CS_RX M 0:A 2:Seq 146 : 7.424969110295223e+00 FP:744
T19152510:CS_Kalman : 2 146 +7.418877820668829e+00 +7.424969110295223e+00 +1.500036137820508e-01 +5.993250340452505e-11 +7.424969110263019e+00 +1.000000356994855e+00
T19152510:CS_TX M 0:     Seq 147 : 7.568881403933794e+00
T19152510:CS_RX M 0:A 1:Seq 147 : 7.575327940439077e+00 FP:744
T19152510:CS_Kalman : 1 147 +7.568881410256950e+00 +7.575327940439077e+00 +1.500035897435898e-01 -6.003375574437086e-11 +7.575327940471335e+00 +9.999999868546608e-01
T19152510:CS_RX M 0:A 2:Seq 147 : 7.574972753577599e+00 FP:749
T19152510:CS_Kalman : 2 147 +7.568881410412419e+00 +7.574972753577599e+00 +1.500035897435898e-01 +2.048139435828489e-11 +7.574972753566595e+00 +1.000000357014237e+00
T19152510:CS_TX M 0:     Seq 148 : 7.718885025728667e+00
T19152510:CS_RX M 0:A 1:Seq 148 : 7.725331560246395e+00 FP:750
T19152510:CS_Kalman : 1 148 +7.718885032051823e+00 +7.725331560246395e+00 +1.500036217948724e-01 -4.796518737748556e-11 +7.725331560272167e+00 +9.999999868092695e-01
T19152510:CS_RX M 0:A 2:Seq 148 : 7.724976428926908e+00 FP:747
T19152510:CS_Kalman : 2 148 +7.718885032207291e+00 +7.724976428926908e+00 +1.500036217948724e-01 +1.201172494802449e-11 +7.724976428920453e+00 +1.000000357025604e+00
T19152510:CS_TX M 0:     Seq 149 : 7.868888615472255e+00
T19152510:CS_RX M 0:A 2:Seq 149 : 7.874980072224935e+00 FP:744
T19152510:CS_Kalman : 2 149 +7.868888621950880e+00 +7.874980072224935e+00 +1.500035897435890e-01 +5.771383371211414e-12 +7.874980072221834e+00 +1.000000357031066e+00
T19152510:CS_RX M 0:A 1:Seq 149 : 7.875335148205879e+00 FP:748
T19152510:CS_Kalman : 1 149 +7.868888621795412e+00 +7.875335148205879e+00 +1.500035897435890e-01 +1.687805450956148e-10 +7.875335148115187e+00 +9.999999869689933e-01
T19152511:CS_TX M 0:     Seq 150 : 8.018892237267128e+00
T19152511:CS_TX M 0:     Seq 151 : 8.168895827010717e+00
T19152511:CS_RX M 0:A 1:Seq 150 : 8.025338767981896e+00 FP:746
T19152511:CS_Kalman : 1 150 +8.018892243590283e+00 +8.025338767981896e+00 +1.500036217948715e-01 +2.653521846696094e-11 +8.025338767967638e+00 +9.999999869941046e-01
T19152511:CS_RX M 0:A 1:Seq 151 : 8.175342356113532e+00 FP:745
T19152511:CS_Kalman : 1 151 +8.168895833333872e+00 +8.175342356113532e+00 +1.500035897435890e-01 +3.532374392989368e-10 +8.175342355923725e+00 +9.999999873283874e-01
T19152511:CS_RX M 0:A 2:Seq 150 : 8.024983747777695e+00 FP:750
T19152511:CS_Kalman : 2 150 +8.018892243745753e+00 +8.024983747777695e+00 +1.500036217948733e-01 +2.050342118309345e-10 +8.024983747667523e+00 +1.000000357225098e+00
T19152511:CS_RX M 0:A 2:Seq 151 : 8.174987391185272e+00 FP:747
T19152511:CS_Kalman : 2 151 +8.168895833489342e+00 +8.174987391185272e+00 +1.500035897435890e-01 +1.891127254793901e-10 +8.174987391083656e+00 +1.000000357404063e+00
T19152511:CS_TX M 0:     Seq 152 : 8.318899448805590e+00
T19152511:CS_RX M 0:A 2:Seq 152 : 8.324991066221580e+00 FP:745
T19152511:CS_Kalman : 2 152 +8.318899455284216e+00 +8.324991066221580e+00 +1.500036217948733e-01 -2.688533840000673e-10 +8.324991066366044e+00 +1.000000357149636e+00
T19152511:CS_RX M 0:A 1:Seq 152 : 8.325345975920849e+00 FP:751
T19152511:CS_Kalman : 1 152 +8.318899455128745e+00 +8.325345975920849e+00 +1.500036217948733e-01 +1.030375784694115e-10 +8.325345975865483e+00 +9.999999874258959e-01
T19152511:CS_TX M 0:     Seq 153 : 8.468903038549179e+00
T19152511:CS_TX M 0:     Seq 154 : 8.618906660344051e+00
T19152511:CS_RX M 0:A 1:Seq 153 : 8.475349563802084e+00 FP:749
T19152511:CS_RX M 0:A 2:Seq 153 : 8.474994709566557e+00 FP:750
T19152511:CS_Kalman : 1 153 +8.468903044872334e+00 +8.475349563802084e+00 +1.500035897435890e-01 +7.917222433206916e-11 +8.475349563759542e+00 +9.999999875008198e-01
T19152511:CS_RX M 0:A 1:Seq 154 : 8.625353183390299e+00 FP:747
T19152511:CS_Kalman : 1 154 +8.618906666667206e+00 +8.625353183390299e+00 +1.500036217948715e-01 -2.891926698112002e-10 +8.625353183545693e+00 +9.999999872271451e-01
T19152511:CS_Kalman : 2 153 +8.468903045027805e+00 +8.474994709566557e+00 +1.500035897435890e-01 -1.168025676179241e-10 +8.474994709629319e+00 +1.000000357039101e+00
T19152511:CS_RX M 0:A 2:Seq 154 : 8.624998385134965e+00 FP:748
T19152511:CS_Kalman : 2 154 +8.618906666822676e+00 +8.624998385134965e+00 +1.500036217948715e-01 +1.536157867576549e-10 +8.624998385052422e+00 +1.000000357184474e+00
T19152511:CS_TX M 0:     Seq 155 : 8.768910250087641e+00
T19152511:CS_RX M 0:A 1:Seq 155 : 8.775356771443684e+00 FP:745
T19152511:CS_Kalman : 1 155 +8.768910256410797e+00 +8.775356771443684e+00 +1.500035897435907e-01 +7.037570526335912e-11 +8.775356771405869e+00 +9.999999872937445e-01
T19152511:CS_RX M 0:A 2:Seq 155 : 8.775002028182593e+00 FP:745
T19152511:CS_Kalman : 2 155 +8.768910256566267e+00 +8.775002028182593e+00 +1.500035897435907e-01 -1.923723402796895e-10 +8.775002028285961e+00 +1.000000357002425e+00
T19152512:CS_TX M 0:     Seq 156 : 8.918913871882513e+00
T19152512:CS_RX M 0:A 1:Seq 156 : 8.925360391188402e+00 FP:751
T19152512:CS_Kalman : 1 156 +8.918913878205668e+00 +8.925360391188402e+00 +1.500036217948715e-01 -1.063540366885718e-10 +8.925360391245549e+00 +9.999999871930975e-01
T19152512:CS_RX M 0:A 2:Seq 156 : 8.925005703719702e+00 FP:743
T19152512:CS_Kalman : 2 156 +8.918913878361138e+00 +8.925005703719702e+00 +1.500036217948715e-01 +8.721201538719470e-11 +8.925005703672840e+00 +1.000000357084957e+00
T19152512:CS_TX M 0:     Seq 157 : 9.068917461626102e+00
T19152512:CS_TX M 0:     Seq 158 : 9.218921083420973e+00
T19152512:CS_RX M 0:A 1:Seq 157 : 9.075363978944436e+00 FP:749
T19152512:CS_Kalman : 1 157 +9.068917467949257e+00 +9.075363978944436e+00 +1.500035897435890e-01 -1.236202251675422e-10 +9.075363979010861e+00 +9.999999870761107e-01
T19152512:CS_RX M 0:A 1:Seq 158 : 9.225367598767404e+00 FP:747
T19152512:CS_Kalman : 1 158 +9.218921089744128e+00 +9.225367598767404e+00 +1.500036217948715e-01 -9.969802761133906e-11 +9.225367598820975e+00 +9.999999869817625e-01
T19152512:CS_RX M 0:A 2:Seq 157 : 9.075009346767327e+00 FP:748
T19152512:CS_Kalman : 2 15